Watching for file changes with StatReloader
/home/rival/Documents/SIH_Project/College_ERP/College_ERP/__init__.py changed, reloading.
Watching for file changes with StatReloader
/home/rival/Documents/SIH_Project/College_ERP/College_ERP/settings.py changed, reloading.
Watching for file changes with StatReloader
"GET / HTTP/1.1" 302 0
"GET /admin/ HTTP/1.1" 302 0
"GET /admin/login/?next=/admin/ HTTP/1.1" 200 4185
"GET /static/admin/css/base.css HTTP/1.1" 200 21310
"GET /static/admin/css/nav_sidebar.css HTTP/1.1" 200 2694
"GET /static/admin/css/login.css HTTP/1.1" 200 958
"GET /static/admin/css/dark_mode.css HTTP/1.1" 200 2929
"GET /static/admin/css/responsive.css HTTP/1.1" 200 18559
"GET /static/admin/js/theme.js HTTP/1.1" 200 1943
"GET /static/admin/js/nav_sidebar.js HTTP/1.1" 200 3063
Not Found: /favicon.ico
"GET /favicon.ico HTTP/1.1" 404 3253
"POST /admin/login/?next=/admin/ HTTP/1.1" 200 4363
"POST /admin/login/?next=/admin/ HTTP/1.1" 200 4363
"POST /admin/login/?next=/admin/ HTTP/1.1" 200 4363
"POST /admin/login/?next=/admin/ HTTP/1.1" 200 4363
Watching for file changes with StatReloader
"POST /admin/login/?next=/admin/ HTTP/1.1" 200 4363
"POST /admin/login/?next=/admin/ HTTP/1.1" 302 0
"GET /admin/ HTTP/1.1" 200 8967
"GET /static/admin/css/dashboard.css HTTP/1.1" 200 441
"GET /static/admin/img/icon-addlink.svg HTTP/1.1" 200 331
"GET /static/admin/img/icon-changelink.svg HTTP/1.1" 200 380
"GET / HTTP/1.1" 302 0
"GET /admin/ HTTP/1.1" 200 8967
"GET /admin/app/department/add/ HTTP/1.1" 200 10814
"GET /static/admin/css/forms.css HTTP/1.1" 200 9090
"GET /static/admin/js/jquery.init.js HTTP/1.1" 200 347
"GET /static/admin/js/core.js HTTP/1.1" 200 5682
"GET /static/admin/js/admin/RelatedObjectLookups.js HTTP/1.1" 200 8943
"GET /static/admin/js/prepopulate.js HTTP/1.1" 200 1531
"GET /admin/jsi18n/ HTTP/1.1" 200 3343
"GET /static/admin/js/urlify.js HTTP/1.1" 200 7887
"GET /static/admin/js/actions.js HTTP/1.1" 200 7872
"GET /static/admin/js/vendor/jquery/jquery.js HTTP/1.1" 200 292458
"GET /static/admin/js/prepopulate_init.js HTTP/1.1" 200 586
"GET /static/admin/js/vendor/xregexp/xregexp.js HTTP/1.1" 200 232381
"GET /static/admin/css/widgets.css HTTP/1.1" 200 11921
"GET /static/admin/js/change_form.js HTTP/1.1" 200 606
"POST /admin/app/department/add/ HTTP/1.1" 302 0
"GET /admin/app/department/ HTTP/1.1" 200 11548
"GET /static/admin/css/base.css HTTP/1.1" 304 0
"GET /static/admin/css/dark_mode.css HTTP/1.1" 304 0
"GET /static/admin/css/responsive.css HTTP/1.1" 304 0
"GET /static/admin/css/nav_sidebar.css HTTP/1.1" 304 0
"GET /static/admin/css/changelists.css HTTP/1.1" 200 6566
"GET /admin/jsi18n/ HTTP/1.1" 200 3343
"GET /static/admin/img/search.svg HTTP/1.1" 200 458
"GET /static/admin/js/theme.js HTTP/1.1" 304 0
"GET /static/admin/js/filters.js HTTP/1.1" 200 978
"GET /static/admin/js/nav_sidebar.js HTTP/1.1" 304 0
"GET /static/admin/img/tooltag-add.svg HTTP/1.1" 200 331
"GET /static/admin/img/icon-yes.svg HTTP/1.1" 200 436
"GET /admin/app/department/1/change/ HTTP/1.1" 200 11168
"GET /admin/jsi18n/ HTTP/1.1" 200 3343
"POST /admin/app/department/1/change/ HTTP/1.1" 302 0
"GET /admin/app/department/ HTTP/1.1" 200 11550
"GET /admin/jsi18n/ HTTP/1.1" 200 3343
"GET /admin/app/program/ HTTP/1.1" 200 9721
"GET /admin/jsi18n/ HTTP/1.1" 200 3343
"GET /admin/app/department/ HTTP/1.1" 200 11313
"GET /admin/jsi18n/ HTTP/1.1" 200 3343
"POST /admin/app/department/ HTTP/1.1" 200 9517
"GET /static/admin/js/cancel.js HTTP/1.1" 200 884
"POST /admin/app/department/ HTTP/1.1" 302 0
"GET /admin/app/department/ HTTP/1.1" 200 9882
"GET /admin/jsi18n/ HTTP/1.1" 200 3343
"GET /admin/auth/group/ HTTP/1.1" 200 9739
"GET /admin/jsi18n/ HTTP/1.1" 200 3343
"GET /admin/auth/user/ HTTP/1.1" 200 12949
"GET /admin/jsi18n/ HTTP/1.1" 200 3343
"GET /static/admin/img/sorting-icons.svg HTTP/1.1" 200 1097
"GET /admin/common/attachment/ HTTP/1.1" 200 14543
"GET /admin/jsi18n/ HTTP/1.1" 200 3343
"GET /admin/common/auditlog/ HTTP/1.1" 200 14866
"GET /admin/jsi18n/ HTTP/1.1" 200 3343
"GET /admin/common/numbersequence/ HTTP/1.1" 200 10253
"GET /admin/jsi18n/ HTTP/1.1" 200 3343
"GET /admin/common/settings/ HTTP/1.1" 200 9738
"GET /admin/jsi18n/ HTTP/1.1" 200 3343
"GET /admin/app/department/ HTTP/1.1" 200 9742
"GET /admin/jsi18n/ HTTP/1.1" 200 3343
"GET /admin/ HTTP/1.1" 200 9923
"GET /static/admin/img/icon-deletelink.svg HTTP/1.1" 200 392
/home/rival/Documents/SIH_Project/College_ERP/app/models.py changed, reloading.
Watching for file changes with StatReloader
/home/rival/Documents/SIH_Project/College_ERP/app/admin.py changed, reloading.
Watching for file changes with StatReloader
/home/rival/Documents/SIH_Project/College_ERP/app/models.py changed, reloading.
Watching for file changes with StatReloader
Watching for file changes with StatReloader
"GET / HTTP/1.1" 302 0
"GET /admin/ HTTP/1.1" 200 10344
"GET /static/admin/css/base.css HTTP/1.1" 304 0
"GET /static/admin/css/dark_mode.css HTTP/1.1" 304 0
"GET /static/admin/css/dashboard.css HTTP/1.1" 304 0
"GET /static/admin/css/responsive.css HTTP/1.1" 304 0
"GET /static/admin/css/nav_sidebar.css HTTP/1.1" 304 0
"GET /static/admin/js/theme.js HTTP/1.1" 304 0
"GET /static/admin/js/nav_sidebar.js HTTP/1.1" 304 0
"GET /static/admin/img/icon-addlink.svg HTTP/1.1" 304 0
"GET /static/admin/img/icon-changelink.svg HTTP/1.1" 304 0
"GET /static/admin/img/icon-deletelink.svg HTTP/1.1" 304 0
Not Found: /favicon.ico
"GET /favicon.ico HTTP/1.1" 404 3253
Internal Server Error: /admin/app/department/
Traceback (most recent call last):
  File "/home/rival/Documents/SIH_Project/venv/lib/python3.12/site-packages/django/db/backends/utils.py", line 89, in _execute
    return self.cursor.execute(sql, params)
           ^^^^^^^^^^^^^^^^^^^^^^^^^^^^^^^^
  File "/home/rival/Documents/SIH_Project/venv/lib/python3.12/site-packages/django/db/backends/sqlite3/base.py", line 328, in execute
    return super().execute(query, params)
           ^^^^^^^^^^^^^^^^^^^^^^^^^^^^^^
sqlite3.OperationalError: no such column: app_department.head_id

The above exception was the direct cause of the following exception:

Traceback (most recent call last):
  File "/home/rival/Documents/SIH_Project/venv/lib/python3.12/site-packages/django/core/handlers/exception.py", line 55, in inner
    response = get_response(request)
               ^^^^^^^^^^^^^^^^^^^^^
  File "/home/rival/Documents/SIH_Project/venv/lib/python3.12/site-packages/django/core/handlers/base.py", line 197, in _get_response
    response = wrapped_callback(request, *callback_args, **callback_kwargs)
               ^^^^^^^^^^^^^^^^^^^^^^^^^^^^^^^^^^^^^^^^^^^^^^^^^^^^^^^^^^^^
  File "/home/rival/Documents/SIH_Project/venv/lib/python3.12/site-packages/django/contrib/admin/options.py", line 688, in wrapper
    return self.admin_site.admin_view(view)(*args, **kwargs)
           ^^^^^^^^^^^^^^^^^^^^^^^^^^^^^^^^^^^^^^^^^^^^^^^^^
  File "/home/rival/Documents/SIH_Project/venv/lib/python3.12/site-packages/django/utils/decorators.py", line 134, in _wrapper_view
    response = view_func(request, *args, **kwargs)
               ^^^^^^^^^^^^^^^^^^^^^^^^^^^^^^^^^^^
  File "/home/rival/Documents/SIH_Project/venv/lib/python3.12/site-packages/django/views/decorators/cache.py", line 62, in _wrapper_view_func
    response = view_func(request, *args, **kwargs)
               ^^^^^^^^^^^^^^^^^^^^^^^^^^^^^^^^^^^
  File "/home/rival/Documents/SIH_Project/venv/lib/python3.12/site-packages/django/contrib/admin/sites.py", line 242, in inner
    return view(request, *args, **kwargs)
           ^^^^^^^^^^^^^^^^^^^^^^^^^^^^^^
  File "/home/rival/Documents/SIH_Project/venv/lib/python3.12/site-packages/django/utils/decorators.py", line 46, in _wrapper
    return bound_method(*args, **kwargs)
           ^^^^^^^^^^^^^^^^^^^^^^^^^^^^^
  File "/home/rival/Documents/SIH_Project/venv/lib/python3.12/site-packages/django/utils/decorators.py", line 134, in _wrapper_view
    response = view_func(request, *args, **kwargs)
               ^^^^^^^^^^^^^^^^^^^^^^^^^^^^^^^^^^^
  File "/home/rival/Documents/SIH_Project/venv/lib/python3.12/site-packages/django/contrib/admin/options.py", line 2065, in changelist_view
    "selection_note": _("0 of %(cnt)s selected") % {"cnt": len(cl.result_list)},
                                                           ^^^^^^^^^^^^^^^^^^^
  File "/home/rival/Documents/SIH_Project/venv/lib/python3.12/site-packages/django/db/models/query.py", line 380, in __len__
    self._fetch_all()
  File "/home/rival/Documents/SIH_Project/venv/lib/python3.12/site-packages/django/db/models/query.py", line 1881, in _fetch_all
    self._result_cache = list(self._iterable_class(self))
                         ^^^^^^^^^^^^^^^^^^^^^^^^^^^^^^^^
  File "/home/rival/Documents/SIH_Project/venv/lib/python3.12/site-packages/django/db/models/query.py", line 91, in __iter__
    results = compiler.execute_sql(
              ^^^^^^^^^^^^^^^^^^^^^
  File "/home/rival/Documents/SIH_Project/venv/lib/python3.12/site-packages/django/db/models/sql/compiler.py", line 1562, in execute_sql
    cursor.execute(sql, params)
  File "/home/rival/Documents/SIH_Project/venv/lib/python3.12/site-packages/django/db/backends/utils.py", line 102, in execute
    return super().execute(sql, params)
           ^^^^^^^^^^^^^^^^^^^^^^^^^^^^
  File "/home/rival/Documents/SIH_Project/venv/lib/python3.12/site-packages/django/db/backends/utils.py", line 67, in execute
    return self._execute_with_wrappers(
           ^^^^^^^^^^^^^^^^^^^^^^^^^^^^
  File "/home/rival/Documents/SIH_Project/venv/lib/python3.12/site-packages/django/db/backends/utils.py", line 80, in _execute_with_wrappers
    return executor(sql, params, many, context)
           ^^^^^^^^^^^^^^^^^^^^^^^^^^^^^^^^^^^^
  File "/home/rival/Documents/SIH_Project/venv/lib/python3.12/site-packages/django/db/backends/utils.py", line 84, in _execute
    with self.db.wrap_database_errors:
  File "/home/rival/Documents/SIH_Project/venv/lib/python3.12/site-packages/django/db/utils.py", line 91, in __exit__
    raise dj_exc_value.with_traceback(traceback) from exc_value
  File "/home/rival/Documents/SIH_Project/venv/lib/python3.12/site-packages/django/db/backends/utils.py", line 89, in _execute
    return self.cursor.execute(sql, params)
           ^^^^^^^^^^^^^^^^^^^^^^^^^^^^^^^^
  File "/home/rival/Documents/SIH_Project/venv/lib/python3.12/site-packages/django/db/backends/sqlite3/base.py", line 328, in execute
    return super().execute(query, params)
           ^^^^^^^^^^^^^^^^^^^^^^^^^^^^^^
django.db.utils.OperationalError: no such column: app_department.head_id
"GET /admin/app/department/ HTTP/1.1" 500 167343
"GET /admin/ HTTP/1.1" 200 10344
"GET /admin/app/department/add/ HTTP/1.1" 200 12949
"GET /static/admin/css/forms.css HTTP/1.1" 304 0
"GET /static/admin/js/vendor/jquery/jquery.js HTTP/1.1" 304 0
"GET /static/admin/js/jquery.init.js HTTP/1.1" 304 0
"GET /static/admin/js/core.js HTTP/1.1" 304 0
"GET /static/admin/js/admin/RelatedObjectLookups.js HTTP/1.1" 304 0
"GET /static/admin/js/actions.js HTTP/1.1" 304 0
"GET /static/admin/js/urlify.js HTTP/1.1" 304 0
"GET /static/admin/js/vendor/xregexp/xregexp.js HTTP/1.1" 304 0
"GET /admin/jsi18n/ HTTP/1.1" 200 3343
"GET /static/admin/js/prepopulate.js HTTP/1.1" 304 0
"GET /static/admin/img/icon-viewlink.svg HTTP/1.1" 200 581
"GET /static/admin/js/prepopulate_init.js HTTP/1.1" 304 0
"GET /static/admin/css/widgets.css HTTP/1.1" 304 0
"GET /static/admin/js/change_form.js HTTP/1.1" 304 0
"GET /admin/ HTTP/1.1" 200 10344
"GET /admin/app/department/add/ HTTP/1.1" 200 12949
"GET /static/admin/css/base.css HTTP/1.1" 304 0
"GET /static/admin/css/nav_sidebar.css HTTP/1.1" 304 0
"GET /static/admin/css/dark_mode.css HTTP/1.1" 304 0
"GET /static/admin/css/forms.css HTTP/1.1" 304 0
"GET /static/admin/js/vendor/jquery/jquery.js HTTP/1.1" 304 0
"GET /admin/jsi18n/ HTTP/1.1" 200 3343
"GET /static/admin/js/jquery.init.js HTTP/1.1" 304 0
"GET /static/admin/js/core.js HTTP/1.1" 304 0
"GET /static/admin/js/actions.js HTTP/1.1" 304 0
"GET /static/admin/css/responsive.css HTTP/1.1" 304 0
"GET /static/admin/js/admin/RelatedObjectLookups.js HTTP/1.1" 304 0
"GET /static/admin/css/widgets.css HTTP/1.1" 304 0
"GET /static/admin/js/prepopulate.js HTTP/1.1" 304 0
"GET /static/admin/js/vendor/xregexp/xregexp.js HTTP/1.1" 304 0
"GET /static/admin/js/urlify.js HTTP/1.1" 304 0
"GET /static/admin/img/icon-changelink.svg HTTP/1.1" 304 0
"GET /static/admin/img/icon-addlink.svg HTTP/1.1" 304 0
"GET /static/admin/img/icon-deletelink.svg HTTP/1.1" 304 0
"GET /static/admin/img/icon-viewlink.svg HTTP/1.1" 304 0
"GET /static/admin/js/theme.js HTTP/1.1" 304 0
"GET /static/admin/js/prepopulate_init.js HTTP/1.1" 304 0
"GET /static/admin/js/nav_sidebar.js HTTP/1.1" 304 0
"GET /static/admin/js/change_form.js HTTP/1.1" 304 0
"GET /admin/auth/user/1/change/?_to_field=id&_popup=1 HTTP/1.1" 200 27979
"GET /static/admin/js/SelectFilter2.js HTTP/1.1" 200 15292
"GET /static/admin/js/SelectBox.js HTTP/1.1" 200 4530
"GET /static/admin/js/calendar.js HTTP/1.1" 200 8466
"GET /static/admin/js/admin/DateTimeShortcuts.js HTTP/1.1" 200 19319
"GET /admin/jsi18n/ HTTP/1.1" 200 3343
"GET /static/admin/img/search.svg HTTP/1.1" 304 0
"GET /static/admin/img/icon-clock.svg HTTP/1.1" 200 677
"GET /static/admin/img/selector-icons.svg HTTP/1.1" 200 3291
"GET /static/admin/img/icon-calendar.svg HTTP/1.1" 200 1086
"GET /static/admin/img/icon-unknown.svg HTTP/1.1" 200 655
"GET /static/admin/img/icon-unknown-alt.svg HTTP/1.1" 200 655
"POST /admin/auth/user/1/change/?_to_field=id&_popup=1 HTTP/1.1" 200 403
"GET /static/admin/js/popup_response.js HTTP/1.1" 200 551
Internal Server Error: /admin/app/department/add/
Traceback (most recent call last):
  File "/home/rival/Documents/SIH_Project/venv/lib/python3.12/site-packages/django/db/backends/utils.py", line 89, in _execute
    return self.cursor.execute(sql, params)
           ^^^^^^^^^^^^^^^^^^^^^^^^^^^^^^^^
  File "/home/rival/Documents/SIH_Project/venv/lib/python3.12/site-packages/django/db/backends/sqlite3/base.py", line 328, in execute
    return super().execute(query, params)
           ^^^^^^^^^^^^^^^^^^^^^^^^^^^^^^
sqlite3.OperationalError: table app_department has no column named head_id

The above exception was the direct cause of the following exception:

Traceback (most recent call last):
  File "/home/rival/Documents/SIH_Project/venv/lib/python3.12/site-packages/django/core/handlers/exception.py", line 55, in inner
    response = get_response(request)
               ^^^^^^^^^^^^^^^^^^^^^
  File "/home/rival/Documents/SIH_Project/venv/lib/python3.12/site-packages/django/core/handlers/base.py", line 197, in _get_response
    response = wrapped_callback(request, *callback_args, **callback_kwargs)
               ^^^^^^^^^^^^^^^^^^^^^^^^^^^^^^^^^^^^^^^^^^^^^^^^^^^^^^^^^^^^
  File "/home/rival/Documents/SIH_Project/venv/lib/python3.12/site-packages/django/contrib/admin/options.py", line 688, in wrapper
    return self.admin_site.admin_view(view)(*args, **kwargs)
           ^^^^^^^^^^^^^^^^^^^^^^^^^^^^^^^^^^^^^^^^^^^^^^^^^
  File "/home/rival/Documents/SIH_Project/venv/lib/python3.12/site-packages/django/utils/decorators.py", line 134, in _wrapper_view
    response = view_func(request, *args, **kwargs)
               ^^^^^^^^^^^^^^^^^^^^^^^^^^^^^^^^^^^
  File "/home/rival/Documents/SIH_Project/venv/lib/python3.12/site-packages/django/views/decorators/cache.py", line 62, in _wrapper_view_func
    response = view_func(request, *args, **kwargs)
               ^^^^^^^^^^^^^^^^^^^^^^^^^^^^^^^^^^^
  File "/home/rival/Documents/SIH_Project/venv/lib/python3.12/site-packages/django/contrib/admin/sites.py", line 242, in inner
    return view(request, *args, **kwargs)
           ^^^^^^^^^^^^^^^^^^^^^^^^^^^^^^
  File "/home/rival/Documents/SIH_Project/venv/lib/python3.12/site-packages/django/contrib/admin/options.py", line 1886, in add_view
    return self.changeform_view(request, None, form_url, extra_context)
           ^^^^^^^^^^^^^^^^^^^^^^^^^^^^^^^^^^^^^^^^^^^^^^^^^^^^^^^^^^^^
  File "/home/rival/Documents/SIH_Project/venv/lib/python3.12/site-packages/django/utils/decorators.py", line 46, in _wrapper
    return bound_method(*args, **kwargs)
           ^^^^^^^^^^^^^^^^^^^^^^^^^^^^^
  File "/home/rival/Documents/SIH_Project/venv/lib/python3.12/site-packages/django/utils/decorators.py", line 134, in _wrapper_view
    response = view_func(request, *args, **kwargs)
               ^^^^^^^^^^^^^^^^^^^^^^^^^^^^^^^^^^^
  File "/home/rival/Documents/SIH_Project/venv/lib/python3.12/site-packages/django/contrib/admin/options.py", line 1747, in changeform_view
    return self._changeform_view(request, object_id, form_url, extra_context)
           ^^^^^^^^^^^^^^^^^^^^^^^^^^^^^^^^^^^^^^^^^^^^^^^^^^^^^^^^^^^^^^^^^^
  File "/home/rival/Documents/SIH_Project/venv/lib/python3.12/site-packages/django/contrib/admin/options.py", line 1798, in _changeform_view
    self.save_model(request, new_object, form, not add)
  File "/home/rival/Documents/SIH_Project/venv/lib/python3.12/site-packages/django/contrib/admin/options.py", line 1227, in save_model
    obj.save()
  File "/home/rival/Documents/SIH_Project/venv/lib/python3.12/site-packages/django/db/models/base.py", line 814, in save
    self.save_base(
  File "/home/rival/Documents/SIH_Project/venv/lib/python3.12/site-packages/django/db/models/base.py", line 877, in save_base
    updated = self._save_table(
              ^^^^^^^^^^^^^^^^^
  File "/home/rival/Documents/SIH_Project/venv/lib/python3.12/site-packages/django/db/models/base.py", line 1020, in _save_table
    results = self._do_insert(
              ^^^^^^^^^^^^^^^^
  File "/home/rival/Documents/SIH_Project/venv/lib/python3.12/site-packages/django/db/models/base.py", line 1061, in _do_insert
    return manager._insert(
           ^^^^^^^^^^^^^^^^
  File "/home/rival/Documents/SIH_Project/venv/lib/python3.12/site-packages/django/db/models/manager.py", line 87, in manager_method
    return getattr(self.get_queryset(), name)(*args, **kwargs)
           ^^^^^^^^^^^^^^^^^^^^^^^^^^^^^^^^^^^^^^^^^^^^^^^^^^^
  File "/home/rival/Documents/SIH_Project/venv/lib/python3.12/site-packages/django/db/models/query.py", line 1805, in _insert
    return query.get_compiler(using=using).execute_sql(returning_fields)
           ^^^^^^^^^^^^^^^^^^^^^^^^^^^^^^^^^^^^^^^^^^^^^^^^^^^^^^^^^^^^^
  File "/home/rival/Documents/SIH_Project/venv/lib/python3.12/site-packages/django/db/models/sql/compiler.py", line 1822, in execute_sql
    cursor.execute(sql, params)
  File "/home/rival/Documents/SIH_Project/venv/lib/python3.12/site-packages/django/db/backends/utils.py", line 102, in execute
    return super().execute(sql, params)
           ^^^^^^^^^^^^^^^^^^^^^^^^^^^^
  File "/home/rival/Documents/SIH_Project/venv/lib/python3.12/site-packages/django/db/backends/utils.py", line 67, in execute
    return self._execute_with_wrappers(
           ^^^^^^^^^^^^^^^^^^^^^^^^^^^^
  File "/home/rival/Documents/SIH_Project/venv/lib/python3.12/site-packages/django/db/backends/utils.py", line 80, in _execute_with_wrappers
    return executor(sql, params, many, context)
           ^^^^^^^^^^^^^^^^^^^^^^^^^^^^^^^^^^^^
  File "/home/rival/Documents/SIH_Project/venv/lib/python3.12/site-packages/django/db/backends/utils.py", line 84, in _execute
    with self.db.wrap_database_errors:
  File "/home/rival/Documents/SIH_Project/venv/lib/python3.12/site-packages/django/db/utils.py", line 91, in __exit__
    raise dj_exc_value.with_traceback(traceback) from exc_value
  File "/home/rival/Documents/SIH_Project/venv/lib/python3.12/site-packages/django/db/backends/utils.py", line 89, in _execute
    return self.cursor.execute(sql, params)
           ^^^^^^^^^^^^^^^^^^^^^^^^^^^^^^^^
  File "/home/rival/Documents/SIH_Project/venv/lib/python3.12/site-packages/django/db/backends/sqlite3/base.py", line 328, in execute
    return super().execute(query, params)
           ^^^^^^^^^^^^^^^^^^^^^^^^^^^^^^
django.db.utils.OperationalError: table app_department has no column named head_id
"POST /admin/app/department/add/ HTTP/1.1" 500 202792
"GET /admin/app/department/add/ HTTP/1.1" 200 12949
Internal Server Error: /admin/app/department/add/
Traceback (most recent call last):
  File "/home/rival/Documents/SIH_Project/venv/lib/python3.12/site-packages/django/db/backends/utils.py", line 89, in _execute
    return self.cursor.execute(sql, params)
           ^^^^^^^^^^^^^^^^^^^^^^^^^^^^^^^^
  File "/home/rival/Documents/SIH_Project/venv/lib/python3.12/site-packages/django/db/backends/sqlite3/base.py", line 328, in execute
    return super().execute(query, params)
           ^^^^^^^^^^^^^^^^^^^^^^^^^^^^^^
sqlite3.OperationalError: table app_department has no column named head_id

The above exception was the direct cause of the following exception:

Traceback (most recent call last):
  File "/home/rival/Documents/SIH_Project/venv/lib/python3.12/site-packages/django/core/handlers/exception.py", line 55, in inner
    response = get_response(request)
               ^^^^^^^^^^^^^^^^^^^^^
  File "/home/rival/Documents/SIH_Project/venv/lib/python3.12/site-packages/django/core/handlers/base.py", line 197, in _get_response
    response = wrapped_callback(request, *callback_args, **callback_kwargs)
               ^^^^^^^^^^^^^^^^^^^^^^^^^^^^^^^^^^^^^^^^^^^^^^^^^^^^^^^^^^^^
  File "/home/rival/Documents/SIH_Project/venv/lib/python3.12/site-packages/django/contrib/admin/options.py", line 688, in wrapper
    return self.admin_site.admin_view(view)(*args, **kwargs)
           ^^^^^^^^^^^^^^^^^^^^^^^^^^^^^^^^^^^^^^^^^^^^^^^^^
  File "/home/rival/Documents/SIH_Project/venv/lib/python3.12/site-packages/django/utils/decorators.py", line 134, in _wrapper_view
    response = view_func(request, *args, **kwargs)
               ^^^^^^^^^^^^^^^^^^^^^^^^^^^^^^^^^^^
  File "/home/rival/Documents/SIH_Project/venv/lib/python3.12/site-packages/django/views/decorators/cache.py", line 62, in _wrapper_view_func
    response = view_func(request, *args, **kwargs)
               ^^^^^^^^^^^^^^^^^^^^^^^^^^^^^^^^^^^
  File "/home/rival/Documents/SIH_Project/venv/lib/python3.12/site-packages/django/contrib/admin/sites.py", line 242, in inner
    return view(request, *args, **kwargs)
           ^^^^^^^^^^^^^^^^^^^^^^^^^^^^^^
  File "/home/rival/Documents/SIH_Project/venv/lib/python3.12/site-packages/django/contrib/admin/options.py", line 1886, in add_view
    return self.changeform_view(request, None, form_url, extra_context)
           ^^^^^^^^^^^^^^^^^^^^^^^^^^^^^^^^^^^^^^^^^^^^^^^^^^^^^^^^^^^^
  File "/home/rival/Documents/SIH_Project/venv/lib/python3.12/site-packages/django/utils/decorators.py", line 46, in _wrapper
    return bound_method(*args, **kwargs)
           ^^^^^^^^^^^^^^^^^^^^^^^^^^^^^
  File "/home/rival/Documents/SIH_Project/venv/lib/python3.12/site-packages/django/utils/decorators.py", line 134, in _wrapper_view
    response = view_func(request, *args, **kwargs)
               ^^^^^^^^^^^^^^^^^^^^^^^^^^^^^^^^^^^
  File "/home/rival/Documents/SIH_Project/venv/lib/python3.12/site-packages/django/contrib/admin/options.py", line 1747, in changeform_view
    return self._changeform_view(request, object_id, form_url, extra_context)
           ^^^^^^^^^^^^^^^^^^^^^^^^^^^^^^^^^^^^^^^^^^^^^^^^^^^^^^^^^^^^^^^^^^
  File "/home/rival/Documents/SIH_Project/venv/lib/python3.12/site-packages/django/contrib/admin/options.py", line 1798, in _changeform_view
    self.save_model(request, new_object, form, not add)
  File "/home/rival/Documents/SIH_Project/venv/lib/python3.12/site-packages/django/contrib/admin/options.py", line 1227, in save_model
    obj.save()
  File "/home/rival/Documents/SIH_Project/venv/lib/python3.12/site-packages/django/db/models/base.py", line 814, in save
    self.save_base(
  File "/home/rival/Documents/SIH_Project/venv/lib/python3.12/site-packages/django/db/models/base.py", line 877, in save_base
    updated = self._save_table(
              ^^^^^^^^^^^^^^^^^
  File "/home/rival/Documents/SIH_Project/venv/lib/python3.12/site-packages/django/db/models/base.py", line 1020, in _save_table
    results = self._do_insert(
              ^^^^^^^^^^^^^^^^
  File "/home/rival/Documents/SIH_Project/venv/lib/python3.12/site-packages/django/db/models/base.py", line 1061, in _do_insert
    return manager._insert(
           ^^^^^^^^^^^^^^^^
  File "/home/rival/Documents/SIH_Project/venv/lib/python3.12/site-packages/django/db/models/manager.py", line 87, in manager_method
    return getattr(self.get_queryset(), name)(*args, **kwargs)
           ^^^^^^^^^^^^^^^^^^^^^^^^^^^^^^^^^^^^^^^^^^^^^^^^^^^
  File "/home/rival/Documents/SIH_Project/venv/lib/python3.12/site-packages/django/db/models/query.py", line 1805, in _insert
    return query.get_compiler(using=using).execute_sql(returning_fields)
           ^^^^^^^^^^^^^^^^^^^^^^^^^^^^^^^^^^^^^^^^^^^^^^^^^^^^^^^^^^^^^
  File "/home/rival/Documents/SIH_Project/venv/lib/python3.12/site-packages/django/db/models/sql/compiler.py", line 1822, in execute_sql
    cursor.execute(sql, params)
  File "/home/rival/Documents/SIH_Project/venv/lib/python3.12/site-packages/django/db/backends/utils.py", line 102, in execute
    return super().execute(sql, params)
           ^^^^^^^^^^^^^^^^^^^^^^^^^^^^
  File "/home/rival/Documents/SIH_Project/venv/lib/python3.12/site-packages/django/db/backends/utils.py", line 67, in execute
    return self._execute_with_wrappers(
           ^^^^^^^^^^^^^^^^^^^^^^^^^^^^
  File "/home/rival/Documents/SIH_Project/venv/lib/python3.12/site-packages/django/db/backends/utils.py", line 80, in _execute_with_wrappers
    return executor(sql, params, many, context)
           ^^^^^^^^^^^^^^^^^^^^^^^^^^^^^^^^^^^^
  File "/home/rival/Documents/SIH_Project/venv/lib/python3.12/site-packages/django/db/backends/utils.py", line 84, in _execute
    with self.db.wrap_database_errors:
  File "/home/rival/Documents/SIH_Project/venv/lib/python3.12/site-packages/django/db/utils.py", line 91, in __exit__
    raise dj_exc_value.with_traceback(traceback) from exc_value
  File "/home/rival/Documents/SIH_Project/venv/lib/python3.12/site-packages/django/db/backends/utils.py", line 89, in _execute
    return self.cursor.execute(sql, params)
           ^^^^^^^^^^^^^^^^^^^^^^^^^^^^^^^^
  File "/home/rival/Documents/SIH_Project/venv/lib/python3.12/site-packages/django/db/backends/sqlite3/base.py", line 328, in execute
    return super().execute(query, params)
           ^^^^^^^^^^^^^^^^^^^^^^^^^^^^^^
django.db.utils.OperationalError: table app_department has no column named head_id
"POST /admin/app/department/add/ HTTP/1.1" 500 202818
"GET /admin/app/department/add/ HTTP/1.1" 200 12949
Watching for file changes with StatReloader
"GET / HTTP/1.1" 302 0
"GET /admin/ HTTP/1.1" 200 10624
"GET /static/admin/css/base.css HTTP/1.1" 304 0
"GET /static/admin/css/dark_mode.css HTTP/1.1" 304 0
"GET /static/admin/css/nav_sidebar.css HTTP/1.1" 304 0
"GET /static/admin/css/dashboard.css HTTP/1.1" 304 0
"GET /static/admin/css/responsive.css HTTP/1.1" 304 0
"GET /static/admin/js/nav_sidebar.js HTTP/1.1" 304 0
"GET /static/admin/js/theme.js HTTP/1.1" 304 0
"GET /static/admin/img/icon-addlink.svg HTTP/1.1" 304 0
"GET /static/admin/img/icon-deletelink.svg HTTP/1.1" 304 0
"GET /static/admin/img/icon-changelink.svg HTTP/1.1" 304 0
Not Found: /favicon.ico
"GET /favicon.ico HTTP/1.1" 404 3253
"GET /admin/app/department/add/ HTTP/1.1" 200 12949
"GET /static/admin/css/forms.css HTTP/1.1" 304 0
"GET /static/admin/js/jquery.init.js HTTP/1.1" 304 0
"GET /static/admin/js/vendor/jquery/jquery.js HTTP/1.1" 304 0
"GET /static/admin/js/core.js HTTP/1.1" 304 0
"GET /static/admin/js/admin/RelatedObjectLookups.js HTTP/1.1" 304 0
"GET /static/admin/js/urlify.js HTTP/1.1" 304 0
"GET /static/admin/js/actions.js HTTP/1.1" 304 0
"GET /static/admin/js/prepopulate.js HTTP/1.1" 304 0
"GET /static/admin/js/vendor/xregexp/xregexp.js HTTP/1.1" 304 0
"GET /admin/jsi18n/ HTTP/1.1" 200 3343
"GET /static/admin/img/icon-viewlink.svg HTTP/1.1" 304 0
"GET /static/admin/js/prepopulate_init.js HTTP/1.1" 304 0
"GET /static/admin/css/widgets.css HTTP/1.1" 304 0
"GET /static/admin/js/change_form.js HTTP/1.1" 304 0
"GET /admin/auth/user/ HTTP/1.1" 200 13257
"GET /static/admin/css/changelists.css HTTP/1.1" 304 0
"GET /static/admin/img/icon-yes.svg HTTP/1.1" 304 0
"GET /static/admin/img/search.svg HTTP/1.1" 304 0
"GET /admin/jsi18n/ HTTP/1.1" 200 3343
"GET /static/admin/js/filters.js HTTP/1.1" 304 0
"GET /static/admin/img/tooltag-add.svg HTTP/1.1" 304 0
"GET /static/admin/img/sorting-icons.svg HTTP/1.1" 304 0
"GET /admin/auth/user/1/change/ HTTP/1.1" 200 34318
"GET /admin/jsi18n/ HTTP/1.1" 200 3343
"GET /static/admin/js/admin/DateTimeShortcuts.js HTTP/1.1" 304 0
"GET /static/admin/js/calendar.js HTTP/1.1" 304 0
"GET /static/admin/js/SelectBox.js HTTP/1.1" 304 0
"GET /static/admin/js/SelectFilter2.js HTTP/1.1" 304 0
"GET /static/admin/img/icon-clock.svg HTTP/1.1" 304 0
"GET /static/admin/img/icon-unknown.svg HTTP/1.1" 304 0
"GET /static/admin/img/icon-calendar.svg HTTP/1.1" 304 0
"GET /static/admin/img/selector-icons.svg HTTP/1.1" 304 0
"GET /static/admin/img/icon-unknown-alt.svg HTTP/1.1" 304 0
"POST /admin/auth/user/1/change/ HTTP/1.1" 302 0
"GET /admin/auth/user/ HTTP/1.1" 200 13450
"GET /admin/jsi18n/ HTTP/1.1" 200 3343
Internal Server Error: /admin/app/department/
Traceback (most recent call last):
  File "/home/rival/Documents/SIH_Project/venv/lib/python3.12/site-packages/django/db/backends/utils.py", line 89, in _execute
    return self.cursor.execute(sql, params)
           ^^^^^^^^^^^^^^^^^^^^^^^^^^^^^^^^
  File "/home/rival/Documents/SIH_Project/venv/lib/python3.12/site-packages/django/db/backends/sqlite3/base.py", line 328, in execute
    return super().execute(query, params)
           ^^^^^^^^^^^^^^^^^^^^^^^^^^^^^^
sqlite3.OperationalError: no such column: app_department.head_id

The above exception was the direct cause of the following exception:

Traceback (most recent call last):
  File "/home/rival/Documents/SIH_Project/venv/lib/python3.12/site-packages/django/core/handlers/exception.py", line 55, in inner
    response = get_response(request)
               ^^^^^^^^^^^^^^^^^^^^^
  File "/home/rival/Documents/SIH_Project/venv/lib/python3.12/site-packages/django/core/handlers/base.py", line 197, in _get_response
    response = wrapped_callback(request, *callback_args, **callback_kwargs)
               ^^^^^^^^^^^^^^^^^^^^^^^^^^^^^^^^^^^^^^^^^^^^^^^^^^^^^^^^^^^^
  File "/home/rival/Documents/SIH_Project/venv/lib/python3.12/site-packages/django/contrib/admin/options.py", line 688, in wrapper
    return self.admin_site.admin_view(view)(*args, **kwargs)
           ^^^^^^^^^^^^^^^^^^^^^^^^^^^^^^^^^^^^^^^^^^^^^^^^^
  File "/home/rival/Documents/SIH_Project/venv/lib/python3.12/site-packages/django/utils/decorators.py", line 134, in _wrapper_view
    response = view_func(request, *args, **kwargs)
               ^^^^^^^^^^^^^^^^^^^^^^^^^^^^^^^^^^^
  File "/home/rival/Documents/SIH_Project/venv/lib/python3.12/site-packages/django/views/decorators/cache.py", line 62, in _wrapper_view_func
    response = view_func(request, *args, **kwargs)
               ^^^^^^^^^^^^^^^^^^^^^^^^^^^^^^^^^^^
  File "/home/rival/Documents/SIH_Project/venv/lib/python3.12/site-packages/django/contrib/admin/sites.py", line 242, in inner
    return view(request, *args, **kwargs)
           ^^^^^^^^^^^^^^^^^^^^^^^^^^^^^^
  File "/home/rival/Documents/SIH_Project/venv/lib/python3.12/site-packages/django/utils/decorators.py", line 46, in _wrapper
    return bound_method(*args, **kwargs)
           ^^^^^^^^^^^^^^^^^^^^^^^^^^^^^
  File "/home/rival/Documents/SIH_Project/venv/lib/python3.12/site-packages/django/utils/decorators.py", line 134, in _wrapper_view
    response = view_func(request, *args, **kwargs)
               ^^^^^^^^^^^^^^^^^^^^^^^^^^^^^^^^^^^
  File "/home/rival/Documents/SIH_Project/venv/lib/python3.12/site-packages/django/contrib/admin/options.py", line 2065, in changelist_view
    "selection_note": _("0 of %(cnt)s selected") % {"cnt": len(cl.result_list)},
                                                           ^^^^^^^^^^^^^^^^^^^
  File "/home/rival/Documents/SIH_Project/venv/lib/python3.12/site-packages/django/db/models/query.py", line 380, in __len__
    self._fetch_all()
  File "/home/rival/Documents/SIH_Project/venv/lib/python3.12/site-packages/django/db/models/query.py", line 1881, in _fetch_all
    self._result_cache = list(self._iterable_class(self))
                         ^^^^^^^^^^^^^^^^^^^^^^^^^^^^^^^^
  File "/home/rival/Documents/SIH_Project/venv/lib/python3.12/site-packages/django/db/models/query.py", line 91, in __iter__
    results = compiler.execute_sql(
              ^^^^^^^^^^^^^^^^^^^^^
  File "/home/rival/Documents/SIH_Project/venv/lib/python3.12/site-packages/django/db/models/sql/compiler.py", line 1562, in execute_sql
    cursor.execute(sql, params)
  File "/home/rival/Documents/SIH_Project/venv/lib/python3.12/site-packages/django/db/backends/utils.py", line 102, in execute
    return super().execute(sql, params)
           ^^^^^^^^^^^^^^^^^^^^^^^^^^^^
  File "/home/rival/Documents/SIH_Project/venv/lib/python3.12/site-packages/django/db/backends/utils.py", line 67, in execute
    return self._execute_with_wrappers(
           ^^^^^^^^^^^^^^^^^^^^^^^^^^^^
  File "/home/rival/Documents/SIH_Project/venv/lib/python3.12/site-packages/django/db/backends/utils.py", line 80, in _execute_with_wrappers
    return executor(sql, params, many, context)
           ^^^^^^^^^^^^^^^^^^^^^^^^^^^^^^^^^^^^
  File "/home/rival/Documents/SIH_Project/venv/lib/python3.12/site-packages/django/db/backends/utils.py", line 84, in _execute
    with self.db.wrap_database_errors:
  File "/home/rival/Documents/SIH_Project/venv/lib/python3.12/site-packages/django/db/utils.py", line 91, in __exit__
    raise dj_exc_value.with_traceback(traceback) from exc_value
  File "/home/rival/Documents/SIH_Project/venv/lib/python3.12/site-packages/django/db/backends/utils.py", line 89, in _execute
    return self.cursor.execute(sql, params)
           ^^^^^^^^^^^^^^^^^^^^^^^^^^^^^^^^
  File "/home/rival/Documents/SIH_Project/venv/lib/python3.12/site-packages/django/db/backends/sqlite3/base.py", line 328, in execute
    return super().execute(query, params)
           ^^^^^^^^^^^^^^^^^^^^^^^^^^^^^^
django.db.utils.OperationalError: no such column: app_department.head_id
"GET /admin/app/department/ HTTP/1.1" 500 167353
/home/rival/Documents/SIH_Project/College_ERP/app/models.py changed, reloading.
Watching for file changes with StatReloader
/home/rival/Documents/SIH_Project/College_ERP/app/admin.py changed, reloading.
Watching for file changes with StatReloader
/home/rival/Documents/SIH_Project/College_ERP/app/models.py changed, reloading.
Watching for file changes with StatReloader
Watching for file changes with StatReloader
"GET /admin/app/department/ HTTP/1.1" 200 10941
"GET /admin/jsi18n/ HTTP/1.1" 200 3343
"GET /admin/auth/user/ HTTP/1.1" 200 13257
"GET /admin/jsi18n/ HTTP/1.1" 200 3343
"GET /admin/auth/user/1/change/ HTTP/1.1" 200 36173
"GET /admin/jsi18n/ HTTP/1.1" 200 3343
"POST /admin/auth/user/1/change/ HTTP/1.1" 302 0
"GET /admin/auth/user/ HTTP/1.1" 200 13450
"GET /admin/jsi18n/ HTTP/1.1" 200 3343
"GET /admin/app/department/ HTTP/1.1" 200 10941
"GET /admin/jsi18n/ HTTP/1.1" 200 3343
"GET /admin/app/department/add/ HTTP/1.1" 200 11106
"GET /admin/jsi18n/ HTTP/1.1" 200 3343
"GET /admin/ HTTP/1.1" 200 11184
"GET /admin/app/department/add/ HTTP/1.1" 200 11106
"GET /admin/jsi18n/ HTTP/1.1" 200 3343
"GET / HTTP/1.1" 302 0
"GET /admin/ HTTP/1.1" 200 11184
"GET / HTTP/1.1" 302 0
"GET /admin/ HTTP/1.1" 200 11184
"GET /admin/app/department/ HTTP/1.1" 200 10941
"GET /admin/jsi18n/ HTTP/1.1" 200 3343
"GET /admin/app/department/add/ HTTP/1.1" 200 11106
"GET /admin/jsi18n/ HTTP/1.1" 200 3343
"POST /admin/app/department/add/ HTTP/1.1" 302 0
"GET /admin/app/department/ HTTP/1.1" 200 12747
"GET /admin/jsi18n/ HTTP/1.1" 200 3343
"GET /admin/app/department/add/ HTTP/1.1" 200 11106
"GET /admin/jsi18n/ HTTP/1.1" 200 3343
"POST /admin/app/department/add/ HTTP/1.1" 302 0
"GET /admin/app/department/add/ HTTP/1.1" 200 11385
"GET /admin/jsi18n/ HTTP/1.1" 200 3343
"POST /admin/app/department/add/ HTTP/1.1" 302 0
"GET /admin/app/department/add/ HTTP/1.1" 200 11362
"GET /admin/jsi18n/ HTTP/1.1" 200 3343
"POST /admin/app/department/add/ HTTP/1.1" 302 0
"GET /admin/app/department/add/ HTTP/1.1" 200 11361
"GET /admin/jsi18n/ HTTP/1.1" 200 3343
"POST /admin/app/department/add/ HTTP/1.1" 302 0
"GET /admin/app/department/add/ HTTP/1.1" 200 11375
"GET /admin/jsi18n/ HTTP/1.1" 200 3343
"GET /admin/app/department/ HTTP/1.1" 200 13812
"GET /admin/jsi18n/ HTTP/1.1" 200 3343
"GET /admin/app/program/ HTTP/1.1" 200 10969
"GET /admin/jsi18n/ HTTP/1.1" 200 3343
"GET /admin/app/program/add/ HTTP/1.1" 200 13688
"GET /admin/jsi18n/ HTTP/1.1" 200 3343
"POST /admin/app/program/add/ HTTP/1.1" 302 0
"GET /admin/app/program/add/ HTTP/1.1" 200 13947
"GET /admin/jsi18n/ HTTP/1.1" 200 3343
"POST /admin/app/program/add/ HTTP/1.1" 302 0
"GET /admin/app/program/add/ HTTP/1.1" 200 13952
"GET /admin/jsi18n/ HTTP/1.1" 200 3343
"POST /admin/app/program/add/ HTTP/1.1" 302 0
"GET /admin/app/program/add/ HTTP/1.1" 200 13970
"GET /admin/jsi18n/ HTTP/1.1" 200 3343
"POST /admin/app/program/add/ HTTP/1.1" 302 0
"GET /admin/app/program/add/ HTTP/1.1" 200 13973
"GET /admin/jsi18n/ HTTP/1.1" 200 3343
"POST /admin/app/program/add/ HTTP/1.1" 302 0
"GET /admin/app/program/add/ HTTP/1.1" 200 13950
"GET /admin/jsi18n/ HTTP/1.1" 200 3343
"POST /admin/app/program/add/ HTTP/1.1" 200 13898
"GET /admin/jsi18n/ HTTP/1.1" 200 3343
"POST /admin/app/program/add/ HTTP/1.1" 302 0
"GET /admin/app/program/add/ HTTP/1.1" 200 13951
"GET /admin/jsi18n/ HTTP/1.1" 200 3343
"POST /admin/app/program/add/ HTTP/1.1" 200 13884
"GET /admin/jsi18n/ HTTP/1.1" 200 3343
"POST /admin/app/program/add/ HTTP/1.1" 302 0
"GET /admin/app/program/add/ HTTP/1.1" 200 13952
"GET /admin/jsi18n/ HTTP/1.1" 200 3343
"POST /admin/app/program/add/ HTTP/1.1" 200 13911
"GET /admin/jsi18n/ HTTP/1.1" 200 3343
"GET /admin/app/department/ HTTP/1.1" 200 13812
"GET /admin/jsi18n/ HTTP/1.1" 200 3343
"GET /admin/app/department/3/change/ HTTP/1.1" 200 11484
"GET /admin/jsi18n/ HTTP/1.1" 200 3343
"GET /admin/app/program/ HTTP/1.1" 200 15744
"GET /admin/jsi18n/ HTTP/1.1" 200 3343
"GET /admin/app/program/?q=B.Tech+in+Computer+Science+%26+Engineering HTTP/1.1" 200 12248
"GET /admin/jsi18n/ HTTP/1.1" 200 3343
"GET /admin/app/department/ HTTP/1.1" 200 13812
"GET /admin/jsi18n/ HTTP/1.1" 200 3343
"GET /admin/app/program/ HTTP/1.1" 200 15744
"GET /admin/jsi18n/ HTTP/1.1" 200 3343
"GET /admin/app/program/add/ HTTP/1.1" 200 13688
"GET /admin/jsi18n/ HTTP/1.1" 200 3343
"POST /admin/app/program/add/ HTTP/1.1" 200 13911
"GET /admin/jsi18n/ HTTP/1.1" 200 3343
"POST /admin/app/program/add/ HTTP/1.1" 200 13911
"GET /admin/jsi18n/ HTTP/1.1" 200 3343
"POST /admin/app/program/add/ HTTP/1.1" 200 13911
"GET /admin/jsi18n/ HTTP/1.1" 200 3343
"POST /admin/app/program/add/ HTTP/1.1" 302 0
"GET /admin/app/program/add/ HTTP/1.1" 200 13964
"GET /admin/jsi18n/ HTTP/1.1" 200 3343
"POST /admin/app/program/add/ HTTP/1.1" 302 0
"GET /admin/app/program/add/ HTTP/1.1" 200 13972
"GET /admin/jsi18n/ HTTP/1.1" 200 3343
"POST /admin/app/program/add/ HTTP/1.1" 302 0
"GET /admin/app/program/add/ HTTP/1.1" 200 13944
"GET /admin/jsi18n/ HTTP/1.1" 200 3343
"POST /admin/app/program/add/ HTTP/1.1" 302 0
"GET /admin/app/program/add/ HTTP/1.1" 200 13956
"GET /static/admin/css/base.css HTTP/1.1" 304 0
"GET /static/admin/css/dark_mode.css HTTP/1.1" 304 0
"GET /static/admin/css/nav_sidebar.css HTTP/1.1" 304 0
"GET /static/admin/css/forms.css HTTP/1.1" 304 0
"GET /static/admin/css/responsive.css HTTP/1.1" 304 0
"GET /admin/jsi18n/ HTTP/1.1" 200 3343
"GET /static/admin/js/core.js HTTP/1.1" 304 0
"GET /static/admin/js/vendor/jquery/jquery.js HTTP/1.1" 304 0
"GET /static/admin/js/actions.js HTTP/1.1" 304 0
"GET /static/admin/js/admin/RelatedObjectLookups.js HTTP/1.1" 304 0
"GET /static/admin/js/jquery.init.js HTTP/1.1" 304 0
"GET /static/admin/css/widgets.css HTTP/1.1" 304 0
"GET /static/admin/js/vendor/xregexp/xregexp.js HTTP/1.1" 304 0
"GET /static/admin/js/urlify.js HTTP/1.1" 304 0
"GET /static/admin/js/prepopulate.js HTTP/1.1" 304 0
"GET /static/admin/img/icon-changelink.svg HTTP/1.1" 304 0
"GET /static/admin/img/icon-addlink.svg HTTP/1.1" 304 0
"GET /static/admin/js/prepopulate_init.js HTTP/1.1" 304 0
"GET /static/admin/img/icon-viewlink.svg HTTP/1.1" 304 0
"GET /static/admin/js/theme.js HTTP/1.1" 304 0
"GET /static/admin/js/nav_sidebar.js HTTP/1.1" 304 0
"GET /static/admin/js/change_form.js HTTP/1.1" 304 0
"POST /admin/app/program/add/ HTTP/1.1" 302 0
"GET /admin/app/program/add/ HTTP/1.1" 200 13947
"GET /admin/jsi18n/ HTTP/1.1" 200 3343
"POST /admin/app/program/add/ HTTP/1.1" 302 0
"GET /admin/app/program/add/ HTTP/1.1" 200 13952
"GET /admin/jsi18n/ HTTP/1.1" 200 3343
"GET /static/admin/img/icon-yes.svg HTTP/1.1" 304 0
"POST /admin/app/program/add/ HTTP/1.1" 302 0
"GET /admin/app/program/add/ HTTP/1.1" 200 13954
"GET /admin/jsi18n/ HTTP/1.1" 200 3343
"POST /admin/app/program/add/ HTTP/1.1" 200 13962
"GET /admin/jsi18n/ HTTP/1.1" 200 3343
"POST /admin/app/program/add/ HTTP/1.1" 200 13880
"GET /admin/jsi18n/ HTTP/1.1" 200 3343
"POST /admin/app/program/add/ HTTP/1.1" 200 13880
"GET /admin/jsi18n/ HTTP/1.1" 200 3343
"POST /admin/app/program/add/ HTTP/1.1" 200 13880
"GET /admin/jsi18n/ HTTP/1.1" 200 3343
"POST /admin/app/program/add/ HTTP/1.1" 200 13895
"GET /admin/jsi18n/ HTTP/1.1" 200 3343
"POST /admin/app/program/add/ HTTP/1.1" 302 0
"GET /admin/app/program/add/ HTTP/1.1" 200 13949
"GET /admin/jsi18n/ HTTP/1.1" 200 3343
"POST /admin/app/program/add/ HTTP/1.1" 200 13898
"GET /admin/jsi18n/ HTTP/1.1" 200 3343
"POST /admin/app/program/add/ HTTP/1.1" 302 0
"GET /admin/app/program/add/ HTTP/1.1" 200 13952
"GET /admin/jsi18n/ HTTP/1.1" 200 3343
"POST /admin/app/program/add/ HTTP/1.1" 302 0
"GET /admin/app/program/add/ HTTP/1.1" 200 13954
"GET /admin/jsi18n/ HTTP/1.1" 200 3343
"POST /admin/app/program/add/ HTTP/1.1" 302 0
"GET /admin/app/program/add/ HTTP/1.1" 200 13967
"GET /admin/jsi18n/ HTTP/1.1" 200 3343
"POST /admin/app/program/add/ HTTP/1.1" 200 13880
"GET /admin/jsi18n/ HTTP/1.1" 200 3343
"POST /admin/app/program/add/ HTTP/1.1" 302 0
"GET /admin/app/program/add/ HTTP/1.1" 200 13934
"GET /admin/jsi18n/ HTTP/1.1" 200 3343
"POST /admin/app/program/add/ HTTP/1.1" 302 0
"GET /admin/app/program/add/ HTTP/1.1" 200 13949
"GET /admin/jsi18n/ HTTP/1.1" 200 3343
"POST /admin/app/program/add/ HTTP/1.1" 302 0
"GET /admin/app/program/add/ HTTP/1.1" 200 13951
"GET /admin/jsi18n/ HTTP/1.1" 200 3343
"POST /admin/app/program/add/ HTTP/1.1" 302 0
"GET /admin/app/program/add/ HTTP/1.1" 200 13950
"GET /admin/jsi18n/ HTTP/1.1" 200 3343
"POST /admin/app/program/add/ HTTP/1.1" 302 0
"GET /admin/app/program/add/ HTTP/1.1" 200 13969
"GET /admin/jsi18n/ HTTP/1.1" 200 3343
"GET /admin/app/program/ HTTP/1.1" 200 22772
"GET /static/admin/css/changelists.css HTTP/1.1" 304 0
"GET /static/admin/img/search.svg HTTP/1.1" 304 0
"GET /admin/jsi18n/ HTTP/1.1" 200 3343
"GET /static/admin/js/filters.js HTTP/1.1" 304 0
"GET /admin/app/program/?q=MBA+%28Digital+Marketing+%2F+Finance+%2F+HR+%2F+IB+etc.%29 HTTP/1.1" 200 14430
"GET /admin/jsi18n/ HTTP/1.1" 200 3343
"GET /admin/app/program/23/change/?_changelist_filters=q%3DMBA%2B%2528Digital%2BMarketing%2B%252F%2BFinance%2B%252F%2BHR%2B%252F%2BIB%2Betc.%2529 HTTP/1.1" 200 14445
"GET /admin/jsi18n/ HTTP/1.1" 200 3343
"POST /admin/app/program/23/change/?_changelist_filters=q%3DMBA%2B%2528Digital%2BMarketing%2B%252F%2BFinance%2B%252F%2BHR%2B%252F%2BIB%2Betc.%2529 HTTP/1.1" 302 0
"GET /admin/app/program/add/?_changelist_filters=q%3DMBA%2B%2528Digital%2BMarketing%2B%252F%2BFinance%2B%252F%2BHR%2B%252F%2BIB%2Betc.%2529 HTTP/1.1" 200 14092
"GET /admin/jsi18n/ HTTP/1.1" 200 3343
"GET /admin/app/program/ HTTP/1.1" 200 22772
"GET /admin/jsi18n/ HTTP/1.1" 200 3343
"GET /admin/app/program/?q=MBA+%28Various+specializations%29 HTTP/1.1" 200 13927
"GET /admin/jsi18n/ HTTP/1.1" 200 3343
"GET /admin/app/program/22/change/?_changelist_filters=q%3DMBA%2B%2528Various%2Bspecializations%2529 HTTP/1.1" 200 14234
"GET /admin/jsi18n/ HTTP/1.1" 200 3343
"POST /admin/app/program/22/change/?_changelist_filters=q%3DMBA%2B%2528Various%2Bspecializations%2529 HTTP/1.1" 302 0
"GET /admin/app/program/add/?_changelist_filters=q%3DMBA%2B%2528Various%2Bspecializations%2529 HTTP/1.1" 200 14028
"GET /admin/jsi18n/ HTTP/1.1" 200 3343
"GET /admin/app/program/ HTTP/1.1" 200 22772
"GET /admin/jsi18n/ HTTP/1.1" 200 3343
"GET /admin/app/program/ HTTP/1.1" 200 22772
"GET /admin/jsi18n/ HTTP/1.1" 200 3343
"GET /admin/app/program/add/ HTTP/1.1" 200 13688
"GET /admin/jsi18n/ HTTP/1.1" 200 3343
"POST /admin/app/program/add/ HTTP/1.1" 302 0
"GET /admin/app/program/add/ HTTP/1.1" 200 13936
"GET /admin/jsi18n/ HTTP/1.1" 200 3343
"POST /admin/app/program/add/ HTTP/1.1" 302 0
"GET /admin/app/program/add/ HTTP/1.1" 200 13967
"GET /admin/jsi18n/ HTTP/1.1" 200 3343
"POST /admin/app/program/add/ HTTP/1.1" 200 13888
"GET /admin/jsi18n/ HTTP/1.1" 200 3343
"POST /admin/app/program/add/ HTTP/1.1" 302 0
"GET /admin/app/program/add/ HTTP/1.1" 200 13942
"GET /admin/jsi18n/ HTTP/1.1" 200 3343
"POST /admin/app/program/add/ HTTP/1.1" 200 13872
"GET /admin/jsi18n/ HTTP/1.1" 200 3343
"POST /admin/app/program/add/ HTTP/1.1" 302 0
"GET /admin/app/program/add/ HTTP/1.1" 200 13926
"GET /admin/jsi18n/ HTTP/1.1" 200 3343
"POST /admin/app/program/add/ HTTP/1.1" 200 13881
"GET /admin/jsi18n/ HTTP/1.1" 200 3343
"POST /admin/app/program/add/ HTTP/1.1" 302 0
"GET /admin/app/program/add/ HTTP/1.1" 200 13935
"GET /admin/jsi18n/ HTTP/1.1" 200 3343
"GET /admin/app/department/ HTTP/1.1" 200 13812
"GET /admin/jsi18n/ HTTP/1.1" 200 3343
"GET /admin/app/department/6/change/ HTTP/1.1" 200 11444
"GET /admin/jsi18n/ HTTP/1.1" 200 3343
"GET /admin/app/department/ HTTP/1.1" 200 13812
"GET /admin/jsi18n/ HTTP/1.1" 200 3343
"GET /admin/app/department/6/change/ HTTP/1.1" 200 11444
"GET /admin/jsi18n/ HTTP/1.1" 200 3343
Internal Server Error: /admin/app/document/
Traceback (most recent call last):
  File "/home/rival/Documents/SIH_Project/venv/lib/python3.12/site-packages/django/db/backends/utils.py", line 89, in _execute
    return self.cursor.execute(sql, params)
           ^^^^^^^^^^^^^^^^^^^^^^^^^^^^^^^^
  File "/home/rival/Documents/SIH_Project/venv/lib/python3.12/site-packages/django/db/backends/sqlite3/base.py", line 328, in execute
    return super().execute(query, params)
           ^^^^^^^^^^^^^^^^^^^^^^^^^^^^^^
sqlite3.OperationalError: no such table: app_document

The above exception was the direct cause of the following exception:

Traceback (most recent call last):
  File "/home/rival/Documents/SIH_Project/venv/lib/python3.12/site-packages/django/core/handlers/exception.py", line 55, in inner
    response = get_response(request)
               ^^^^^^^^^^^^^^^^^^^^^
  File "/home/rival/Documents/SIH_Project/venv/lib/python3.12/site-packages/django/core/handlers/base.py", line 197, in _get_response
    response = wrapped_callback(request, *callback_args, **callback_kwargs)
               ^^^^^^^^^^^^^^^^^^^^^^^^^^^^^^^^^^^^^^^^^^^^^^^^^^^^^^^^^^^^
  File "/home/rival/Documents/SIH_Project/venv/lib/python3.12/site-packages/django/contrib/admin/options.py", line 688, in wrapper
    return self.admin_site.admin_view(view)(*args, **kwargs)
           ^^^^^^^^^^^^^^^^^^^^^^^^^^^^^^^^^^^^^^^^^^^^^^^^^
  File "/home/rival/Documents/SIH_Project/venv/lib/python3.12/site-packages/django/utils/decorators.py", line 134, in _wrapper_view
    response = view_func(request, *args, **kwargs)
               ^^^^^^^^^^^^^^^^^^^^^^^^^^^^^^^^^^^
  File "/home/rival/Documents/SIH_Project/venv/lib/python3.12/site-packages/django/views/decorators/cache.py", line 62, in _wrapper_view_func
    response = view_func(request, *args, **kwargs)
               ^^^^^^^^^^^^^^^^^^^^^^^^^^^^^^^^^^^
  File "/home/rival/Documents/SIH_Project/venv/lib/python3.12/site-packages/django/contrib/admin/sites.py", line 242, in inner
    return view(request, *args, **kwargs)
           ^^^^^^^^^^^^^^^^^^^^^^^^^^^^^^
  File "/home/rival/Documents/SIH_Project/venv/lib/python3.12/site-packages/django/utils/decorators.py", line 46, in _wrapper
    return bound_method(*args, **kwargs)
           ^^^^^^^^^^^^^^^^^^^^^^^^^^^^^
  File "/home/rival/Documents/SIH_Project/venv/lib/python3.12/site-packages/django/utils/decorators.py", line 134, in _wrapper_view
    response = view_func(request, *args, **kwargs)
               ^^^^^^^^^^^^^^^^^^^^^^^^^^^^^^^^^^^
  File "/home/rival/Documents/SIH_Project/venv/lib/python3.12/site-packages/django/contrib/admin/options.py", line 1926, in changelist_view
    cl = self.get_changelist_instance(request)
         ^^^^^^^^^^^^^^^^^^^^^^^^^^^^^^^^^^^^^
  File "/home/rival/Documents/SIH_Project/venv/lib/python3.12/site-packages/django/contrib/admin/options.py", line 836, in get_changelist_instance
    return ChangeList(
           ^^^^^^^^^^^
  File "/home/rival/Documents/SIH_Project/venv/lib/python3.12/site-packages/django/contrib/admin/views/main.py", line 123, in __init__
    self.get_results(request)
  File "/home/rival/Documents/SIH_Project/venv/lib/python3.12/site-packages/django/contrib/admin/views/main.py", line 279, in get_results
    result_count = paginator.count
                   ^^^^^^^^^^^^^^^
  File "/home/rival/Documents/SIH_Project/venv/lib/python3.12/site-packages/django/utils/functional.py", line 57, in __get__
    res = instance.__dict__[self.name] = self.func(instance)
                                         ^^^^^^^^^^^^^^^^^^^
  File "/home/rival/Documents/SIH_Project/venv/lib/python3.12/site-packages/django/core/paginator.py", line 93, in count
    return c()
           ^^^
  File "/home/rival/Documents/SIH_Project/venv/lib/python3.12/site-packages/django/db/models/query.py", line 608, in count
    return self.query.get_count(using=self.db)
           ^^^^^^^^^^^^^^^^^^^^^^^^^^^^^^^^^^^
  File "/home/rival/Documents/SIH_Project/venv/lib/python3.12/site-packages/django/db/models/sql/query.py", line 568, in get_count
    return obj.get_aggregation(using, {"__count": Count("*")})["__count"]
           ^^^^^^^^^^^^^^^^^^^^^^^^^^^^^^^^^^^^^^^^^^^^^^^^^^^
  File "/home/rival/Documents/SIH_Project/venv/lib/python3.12/site-packages/django/db/models/sql/query.py", line 554, in get_aggregation
    result = compiler.execute_sql(SINGLE)
             ^^^^^^^^^^^^^^^^^^^^^^^^^^^^
  File "/home/rival/Documents/SIH_Project/venv/lib/python3.12/site-packages/django/db/models/sql/compiler.py", line 1562, in execute_sql
    cursor.execute(sql, params)
  File "/home/rival/Documents/SIH_Project/venv/lib/python3.12/site-packages/django/db/backends/utils.py", line 102, in execute
    return super().execute(sql, params)
           ^^^^^^^^^^^^^^^^^^^^^^^^^^^^
  File "/home/rival/Documents/SIH_Project/venv/lib/python3.12/site-packages/django/db/backends/utils.py", line 67, in execute
    return self._execute_with_wrappers(
           ^^^^^^^^^^^^^^^^^^^^^^^^^^^^
  File "/home/rival/Documents/SIH_Project/venv/lib/python3.12/site-packages/django/db/backends/utils.py", line 80, in _execute_with_wrappers
    return executor(sql, params, many, context)
           ^^^^^^^^^^^^^^^^^^^^^^^^^^^^^^^^^^^^
  File "/home/rival/Documents/SIH_Project/venv/lib/python3.12/site-packages/django/db/backends/utils.py", line 84, in _execute
    with self.db.wrap_database_errors:
  File "/home/rival/Documents/SIH_Project/venv/lib/python3.12/site-packages/django/db/utils.py", line 91, in __exit__
    raise dj_exc_value.with_traceback(traceback) from exc_value
  File "/home/rival/Documents/SIH_Project/venv/lib/python3.12/site-packages/django/db/backends/utils.py", line 89, in _execute
    return self.cursor.execute(sql, params)
           ^^^^^^^^^^^^^^^^^^^^^^^^^^^^^^^^
  File "/home/rival/Documents/SIH_Project/venv/lib/python3.12/site-packages/django/db/backends/sqlite3/base.py", line 328, in execute
    return super().execute(query, params)
           ^^^^^^^^^^^^^^^^^^^^^^^^^^^^^^
django.db.utils.OperationalError: no such table: app_document
"GET /admin/app/document/ HTTP/1.1" 500 189399
"GET /admin/app/department/6/change/ HTTP/1.1" 200 11444
Internal Server Error: /admin/app/student/
Traceback (most recent call last):
  File "/home/rival/Documents/SIH_Project/venv/lib/python3.12/site-packages/django/db/backends/utils.py", line 89, in _execute
    return self.cursor.execute(sql, params)
           ^^^^^^^^^^^^^^^^^^^^^^^^^^^^^^^^
  File "/home/rival/Documents/SIH_Project/venv/lib/python3.12/site-packages/django/db/backends/sqlite3/base.py", line 328, in execute
    return super().execute(query, params)
           ^^^^^^^^^^^^^^^^^^^^^^^^^^^^^^
sqlite3.OperationalError: no such column: app_student.user_id

The above exception was the direct cause of the following exception:

Traceback (most recent call last):
  File "/home/rival/Documents/SIH_Project/venv/lib/python3.12/site-packages/django/core/handlers/exception.py", line 55, in inner
    response = get_response(request)
               ^^^^^^^^^^^^^^^^^^^^^
  File "/home/rival/Documents/SIH_Project/venv/lib/python3.12/site-packages/django/core/handlers/base.py", line 197, in _get_response
    response = wrapped_callback(request, *callback_args, **callback_kwargs)
               ^^^^^^^^^^^^^^^^^^^^^^^^^^^^^^^^^^^^^^^^^^^^^^^^^^^^^^^^^^^^
  File "/home/rival/Documents/SIH_Project/venv/lib/python3.12/site-packages/django/contrib/admin/options.py", line 688, in wrapper
    return self.admin_site.admin_view(view)(*args, **kwargs)
           ^^^^^^^^^^^^^^^^^^^^^^^^^^^^^^^^^^^^^^^^^^^^^^^^^
  File "/home/rival/Documents/SIH_Project/venv/lib/python3.12/site-packages/django/utils/decorators.py", line 134, in _wrapper_view
    response = view_func(request, *args, **kwargs)
               ^^^^^^^^^^^^^^^^^^^^^^^^^^^^^^^^^^^
  File "/home/rival/Documents/SIH_Project/venv/lib/python3.12/site-packages/django/views/decorators/cache.py", line 62, in _wrapper_view_func
    response = view_func(request, *args, **kwargs)
               ^^^^^^^^^^^^^^^^^^^^^^^^^^^^^^^^^^^
  File "/home/rival/Documents/SIH_Project/venv/lib/python3.12/site-packages/django/contrib/admin/sites.py", line 242, in inner
    return view(request, *args, **kwargs)
           ^^^^^^^^^^^^^^^^^^^^^^^^^^^^^^
  File "/home/rival/Documents/SIH_Project/venv/lib/python3.12/site-packages/django/utils/decorators.py", line 46, in _wrapper
    return bound_method(*args, **kwargs)
           ^^^^^^^^^^^^^^^^^^^^^^^^^^^^^
  File "/home/rival/Documents/SIH_Project/venv/lib/python3.12/site-packages/django/utils/decorators.py", line 134, in _wrapper_view
    response = view_func(request, *args, **kwargs)
               ^^^^^^^^^^^^^^^^^^^^^^^^^^^^^^^^^^^
  File "/home/rival/Documents/SIH_Project/venv/lib/python3.12/site-packages/django/contrib/admin/options.py", line 2065, in changelist_view
    "selection_note": _("0 of %(cnt)s selected") % {"cnt": len(cl.result_list)},
                                                           ^^^^^^^^^^^^^^^^^^^
  File "/home/rival/Documents/SIH_Project/venv/lib/python3.12/site-packages/django/db/models/query.py", line 380, in __len__
    self._fetch_all()
  File "/home/rival/Documents/SIH_Project/venv/lib/python3.12/site-packages/django/db/models/query.py", line 1881, in _fetch_all
    self._result_cache = list(self._iterable_class(self))
                         ^^^^^^^^^^^^^^^^^^^^^^^^^^^^^^^^
  File "/home/rival/Documents/SIH_Project/venv/lib/python3.12/site-packages/django/db/models/query.py", line 91, in __iter__
    results = compiler.execute_sql(
              ^^^^^^^^^^^^^^^^^^^^^
  File "/home/rival/Documents/SIH_Project/venv/lib/python3.12/site-packages/django/db/models/sql/compiler.py", line 1562, in execute_sql
    cursor.execute(sql, params)
  File "/home/rival/Documents/SIH_Project/venv/lib/python3.12/site-packages/django/db/backends/utils.py", line 102, in execute
    return super().execute(sql, params)
           ^^^^^^^^^^^^^^^^^^^^^^^^^^^^
  File "/home/rival/Documents/SIH_Project/venv/lib/python3.12/site-packages/django/db/backends/utils.py", line 67, in execute
    return self._execute_with_wrappers(
           ^^^^^^^^^^^^^^^^^^^^^^^^^^^^
  File "/home/rival/Documents/SIH_Project/venv/lib/python3.12/site-packages/django/db/backends/utils.py", line 80, in _execute_with_wrappers
    return executor(sql, params, many, context)
           ^^^^^^^^^^^^^^^^^^^^^^^^^^^^^^^^^^^^
  File "/home/rival/Documents/SIH_Project/venv/lib/python3.12/site-packages/django/db/backends/utils.py", line 84, in _execute
    with self.db.wrap_database_errors:
  File "/home/rival/Documents/SIH_Project/venv/lib/python3.12/site-packages/django/db/utils.py", line 91, in __exit__
    raise dj_exc_value.with_traceback(traceback) from exc_value
  File "/home/rival/Documents/SIH_Project/venv/lib/python3.12/site-packages/django/db/backends/utils.py", line 89, in _execute
    return self.cursor.execute(sql, params)
           ^^^^^^^^^^^^^^^^^^^^^^^^^^^^^^^^
  File "/home/rival/Documents/SIH_Project/venv/lib/python3.12/site-packages/django/db/backends/sqlite3/base.py", line 328, in execute
    return super().execute(query, params)
           ^^^^^^^^^^^^^^^^^^^^^^^^^^^^^^
django.db.utils.OperationalError: no such column: app_student.user_id
"GET /admin/app/student/ HTTP/1.1" 500 185400
"GET /admin/app/department/6/change/ HTTP/1.1" 200 11444
"GET /admin/app/program/ HTTP/1.1" 200 24913
"GET /admin/jsi18n/ HTTP/1.1" 200 3343
Internal Server Error: /admin/app/document/
Traceback (most recent call last):
  File "/home/rival/Documents/SIH_Project/venv/lib/python3.12/site-packages/django/db/backends/utils.py", line 89, in _execute
    return self.cursor.execute(sql, params)
           ^^^^^^^^^^^^^^^^^^^^^^^^^^^^^^^^
  File "/home/rival/Documents/SIH_Project/venv/lib/python3.12/site-packages/django/db/backends/sqlite3/base.py", line 328, in execute
    return super().execute(query, params)
           ^^^^^^^^^^^^^^^^^^^^^^^^^^^^^^
sqlite3.OperationalError: no such table: app_document

The above exception was the direct cause of the following exception:

Traceback (most recent call last):
  File "/home/rival/Documents/SIH_Project/venv/lib/python3.12/site-packages/django/core/handlers/exception.py", line 55, in inner
    response = get_response(request)
               ^^^^^^^^^^^^^^^^^^^^^
  File "/home/rival/Documents/SIH_Project/venv/lib/python3.12/site-packages/django/core/handlers/base.py", line 197, in _get_response
    response = wrapped_callback(request, *callback_args, **callback_kwargs)
               ^^^^^^^^^^^^^^^^^^^^^^^^^^^^^^^^^^^^^^^^^^^^^^^^^^^^^^^^^^^^
  File "/home/rival/Documents/SIH_Project/venv/lib/python3.12/site-packages/django/contrib/admin/options.py", line 688, in wrapper
    return self.admin_site.admin_view(view)(*args, **kwargs)
           ^^^^^^^^^^^^^^^^^^^^^^^^^^^^^^^^^^^^^^^^^^^^^^^^^
  File "/home/rival/Documents/SIH_Project/venv/lib/python3.12/site-packages/django/utils/decorators.py", line 134, in _wrapper_view
    response = view_func(request, *args, **kwargs)
               ^^^^^^^^^^^^^^^^^^^^^^^^^^^^^^^^^^^
  File "/home/rival/Documents/SIH_Project/venv/lib/python3.12/site-packages/django/views/decorators/cache.py", line 62, in _wrapper_view_func
    response = view_func(request, *args, **kwargs)
               ^^^^^^^^^^^^^^^^^^^^^^^^^^^^^^^^^^^
  File "/home/rival/Documents/SIH_Project/venv/lib/python3.12/site-packages/django/contrib/admin/sites.py", line 242, in inner
    return view(request, *args, **kwargs)
           ^^^^^^^^^^^^^^^^^^^^^^^^^^^^^^
  File "/home/rival/Documents/SIH_Project/venv/lib/python3.12/site-packages/django/utils/decorators.py", line 46, in _wrapper
    return bound_method(*args, **kwargs)
           ^^^^^^^^^^^^^^^^^^^^^^^^^^^^^
  File "/home/rival/Documents/SIH_Project/venv/lib/python3.12/site-packages/django/utils/decorators.py", line 134, in _wrapper_view
    response = view_func(request, *args, **kwargs)
               ^^^^^^^^^^^^^^^^^^^^^^^^^^^^^^^^^^^
  File "/home/rival/Documents/SIH_Project/venv/lib/python3.12/site-packages/django/contrib/admin/options.py", line 1926, in changelist_view
    cl = self.get_changelist_instance(request)
         ^^^^^^^^^^^^^^^^^^^^^^^^^^^^^^^^^^^^^
  File "/home/rival/Documents/SIH_Project/venv/lib/python3.12/site-packages/django/contrib/admin/options.py", line 836, in get_changelist_instance
    return ChangeList(
           ^^^^^^^^^^^
  File "/home/rival/Documents/SIH_Project/venv/lib/python3.12/site-packages/django/contrib/admin/views/main.py", line 123, in __init__
    self.get_results(request)
  File "/home/rival/Documents/SIH_Project/venv/lib/python3.12/site-packages/django/contrib/admin/views/main.py", line 279, in get_results
    result_count = paginator.count
                   ^^^^^^^^^^^^^^^
  File "/home/rival/Documents/SIH_Project/venv/lib/python3.12/site-packages/django/utils/functional.py", line 57, in __get__
    res = instance.__dict__[self.name] = self.func(instance)
                                         ^^^^^^^^^^^^^^^^^^^
  File "/home/rival/Documents/SIH_Project/venv/lib/python3.12/site-packages/django/core/paginator.py", line 93, in count
    return c()
           ^^^
  File "/home/rival/Documents/SIH_Project/venv/lib/python3.12/site-packages/django/db/models/query.py", line 608, in count
    return self.query.get_count(using=self.db)
           ^^^^^^^^^^^^^^^^^^^^^^^^^^^^^^^^^^^
  File "/home/rival/Documents/SIH_Project/venv/lib/python3.12/site-packages/django/db/models/sql/query.py", line 568, in get_count
    return obj.get_aggregation(using, {"__count": Count("*")})["__count"]
           ^^^^^^^^^^^^^^^^^^^^^^^^^^^^^^^^^^^^^^^^^^^^^^^^^^^
  File "/home/rival/Documents/SIH_Project/venv/lib/python3.12/site-packages/django/db/models/sql/query.py", line 554, in get_aggregation
    result = compiler.execute_sql(SINGLE)
             ^^^^^^^^^^^^^^^^^^^^^^^^^^^^
  File "/home/rival/Documents/SIH_Project/venv/lib/python3.12/site-packages/django/db/models/sql/compiler.py", line 1562, in execute_sql
    cursor.execute(sql, params)
  File "/home/rival/Documents/SIH_Project/venv/lib/python3.12/site-packages/django/db/backends/utils.py", line 102, in execute
    return super().execute(sql, params)
           ^^^^^^^^^^^^^^^^^^^^^^^^^^^^
  File "/home/rival/Documents/SIH_Project/venv/lib/python3.12/site-packages/django/db/backends/utils.py", line 67, in execute
    return self._execute_with_wrappers(
           ^^^^^^^^^^^^^^^^^^^^^^^^^^^^
  File "/home/rival/Documents/SIH_Project/venv/lib/python3.12/site-packages/django/db/backends/utils.py", line 80, in _execute_with_wrappers
    return executor(sql, params, many, context)
           ^^^^^^^^^^^^^^^^^^^^^^^^^^^^^^^^^^^^
  File "/home/rival/Documents/SIH_Project/venv/lib/python3.12/site-packages/django/db/backends/utils.py", line 84, in _execute
    with self.db.wrap_database_errors:
  File "/home/rival/Documents/SIH_Project/venv/lib/python3.12/site-packages/django/db/utils.py", line 91, in __exit__
    raise dj_exc_value.with_traceback(traceback) from exc_value
  File "/home/rival/Documents/SIH_Project/venv/lib/python3.12/site-packages/django/db/backends/utils.py", line 89, in _execute
    return self.cursor.execute(sql, params)
           ^^^^^^^^^^^^^^^^^^^^^^^^^^^^^^^^
  File "/home/rival/Documents/SIH_Project/venv/lib/python3.12/site-packages/django/db/backends/sqlite3/base.py", line 328, in execute
    return super().execute(query, params)
           ^^^^^^^^^^^^^^^^^^^^^^^^^^^^^^
django.db.utils.OperationalError: no such table: app_document
"GET /admin/app/document/ HTTP/1.1" 500 189387
"GET /admin/app/program/ HTTP/1.1" 200 24913
"GET /admin/auth/group/ HTTP/1.1" 200 10031
"GET /admin/jsi18n/ HTTP/1.1" 200 3343
"GET /admin/auth/group/ HTTP/1.1" 200 10031
"GET /admin/jsi18n/ HTTP/1.1" 200 3343
"GET /admin/auth/group/add/ HTTP/1.1" 200 25206
"GET /admin/jsi18n/ HTTP/1.1" 200 3343
"GET /static/admin/js/SelectFilter2.js HTTP/1.1" 304 0
"GET /static/admin/js/SelectBox.js HTTP/1.1" 304 0
"GET /static/admin/img/icon-unknown.svg HTTP/1.1" 304 0
"GET /static/admin/img/selector-icons.svg HTTP/1.1" 304 0
"GET /static/admin/img/icon-unknown-alt.svg HTTP/1.1" 304 0
"GET /admin/common/auditlog/ HTTP/1.1" 200 15236
"GET /admin/jsi18n/ HTTP/1.1" 200 3343
"GET /admin/common/attachment/ HTTP/1.1" 200 14913
"GET /admin/jsi18n/ HTTP/1.1" 200 3343
"GET /admin/common/numbersequence/ HTTP/1.1" 200 10545
"GET /admin/jsi18n/ HTTP/1.1" 200 3343
"GET /admin/auth/user/ HTTP/1.1" 200 13257
"GET /admin/jsi18n/ HTTP/1.1" 200 3343
Internal Server Error: /admin/app/student/
Traceback (most recent call last):
  File "/home/rival/Documents/SIH_Project/venv/lib/python3.12/site-packages/django/db/backends/utils.py", line 89, in _execute
    return self.cursor.execute(sql, params)
           ^^^^^^^^^^^^^^^^^^^^^^^^^^^^^^^^
  File "/home/rival/Documents/SIH_Project/venv/lib/python3.12/site-packages/django/db/backends/sqlite3/base.py", line 328, in execute
    return super().execute(query, params)
           ^^^^^^^^^^^^^^^^^^^^^^^^^^^^^^
sqlite3.OperationalError: no such column: app_student.user_id

The above exception was the direct cause of the following exception:

Traceback (most recent call last):
  File "/home/rival/Documents/SIH_Project/venv/lib/python3.12/site-packages/django/core/handlers/exception.py", line 55, in inner
    response = get_response(request)
               ^^^^^^^^^^^^^^^^^^^^^
  File "/home/rival/Documents/SIH_Project/venv/lib/python3.12/site-packages/django/core/handlers/base.py", line 197, in _get_response
    response = wrapped_callback(request, *callback_args, **callback_kwargs)
               ^^^^^^^^^^^^^^^^^^^^^^^^^^^^^^^^^^^^^^^^^^^^^^^^^^^^^^^^^^^^
  File "/home/rival/Documents/SIH_Project/venv/lib/python3.12/site-packages/django/contrib/admin/options.py", line 688, in wrapper
    return self.admin_site.admin_view(view)(*args, **kwargs)
           ^^^^^^^^^^^^^^^^^^^^^^^^^^^^^^^^^^^^^^^^^^^^^^^^^
  File "/home/rival/Documents/SIH_Project/venv/lib/python3.12/site-packages/django/utils/decorators.py", line 134, in _wrapper_view
    response = view_func(request, *args, **kwargs)
               ^^^^^^^^^^^^^^^^^^^^^^^^^^^^^^^^^^^
  File "/home/rival/Documents/SIH_Project/venv/lib/python3.12/site-packages/django/views/decorators/cache.py", line 62, in _wrapper_view_func
    response = view_func(request, *args, **kwargs)
               ^^^^^^^^^^^^^^^^^^^^^^^^^^^^^^^^^^^
  File "/home/rival/Documents/SIH_Project/venv/lib/python3.12/site-packages/django/contrib/admin/sites.py", line 242, in inner
    return view(request, *args, **kwargs)
           ^^^^^^^^^^^^^^^^^^^^^^^^^^^^^^
  File "/home/rival/Documents/SIH_Project/venv/lib/python3.12/site-packages/django/utils/decorators.py", line 46, in _wrapper
    return bound_method(*args, **kwargs)
           ^^^^^^^^^^^^^^^^^^^^^^^^^^^^^
  File "/home/rival/Documents/SIH_Project/venv/lib/python3.12/site-packages/django/utils/decorators.py", line 134, in _wrapper_view
    response = view_func(request, *args, **kwargs)
               ^^^^^^^^^^^^^^^^^^^^^^^^^^^^^^^^^^^
  File "/home/rival/Documents/SIH_Project/venv/lib/python3.12/site-packages/django/contrib/admin/options.py", line 2065, in changelist_view
    "selection_note": _("0 of %(cnt)s selected") % {"cnt": len(cl.result_list)},
                                                           ^^^^^^^^^^^^^^^^^^^
  File "/home/rival/Documents/SIH_Project/venv/lib/python3.12/site-packages/django/db/models/query.py", line 380, in __len__
    self._fetch_all()
  File "/home/rival/Documents/SIH_Project/venv/lib/python3.12/site-packages/django/db/models/query.py", line 1881, in _fetch_all
    self._result_cache = list(self._iterable_class(self))
                         ^^^^^^^^^^^^^^^^^^^^^^^^^^^^^^^^
  File "/home/rival/Documents/SIH_Project/venv/lib/python3.12/site-packages/django/db/models/query.py", line 91, in __iter__
    results = compiler.execute_sql(
              ^^^^^^^^^^^^^^^^^^^^^
  File "/home/rival/Documents/SIH_Project/venv/lib/python3.12/site-packages/django/db/models/sql/compiler.py", line 1562, in execute_sql
    cursor.execute(sql, params)
  File "/home/rival/Documents/SIH_Project/venv/lib/python3.12/site-packages/django/db/backends/utils.py", line 102, in execute
    return super().execute(sql, params)
           ^^^^^^^^^^^^^^^^^^^^^^^^^^^^
  File "/home/rival/Documents/SIH_Project/venv/lib/python3.12/site-packages/django/db/backends/utils.py", line 67, in execute
    return self._execute_with_wrappers(
           ^^^^^^^^^^^^^^^^^^^^^^^^^^^^
  File "/home/rival/Documents/SIH_Project/venv/lib/python3.12/site-packages/django/db/backends/utils.py", line 80, in _execute_with_wrappers
    return executor(sql, params, many, context)
           ^^^^^^^^^^^^^^^^^^^^^^^^^^^^^^^^^^^^
  File "/home/rival/Documents/SIH_Project/venv/lib/python3.12/site-packages/django/db/backends/utils.py", line 84, in _execute
    with self.db.wrap_database_errors:
  File "/home/rival/Documents/SIH_Project/venv/lib/python3.12/site-packages/django/db/utils.py", line 91, in __exit__
    raise dj_exc_value.with_traceback(traceback) from exc_value
  File "/home/rival/Documents/SIH_Project/venv/lib/python3.12/site-packages/django/db/backends/utils.py", line 89, in _execute
    return self.cursor.execute(sql, params)
           ^^^^^^^^^^^^^^^^^^^^^^^^^^^^^^^^
  File "/home/rival/Documents/SIH_Project/venv/lib/python3.12/site-packages/django/db/backends/sqlite3/base.py", line 328, in execute
    return super().execute(query, params)
           ^^^^^^^^^^^^^^^^^^^^^^^^^^^^^^
django.db.utils.OperationalError: no such column: app_student.user_id
"GET /admin/app/student/ HTTP/1.1" 500 185386
"GET /admin/auth/user/ HTTP/1.1" 200 13257
"GET /admin/auth/group/ HTTP/1.1" 200 10031
"GET /admin/jsi18n/ HTTP/1.1" 200 3343
"GET /admin/auth/group/add/ HTTP/1.1" 200 25206
"GET /admin/jsi18n/ HTTP/1.1" 200 3343
"POST /admin/auth/group/add/ HTTP/1.1" 200 25349
"GET /admin/jsi18n/ HTTP/1.1" 200 3343
"POST /admin/auth/group/add/ HTTP/1.1" 302 0
"GET /admin/auth/group/ HTTP/1.1" 200 11382
"GET /admin/jsi18n/ HTTP/1.1" 200 3343
"GET /admin/auth/group/1/change/ HTTP/1.1" 200 25490
"GET /admin/jsi18n/ HTTP/1.1" 200 3343
"GET /admin/auth/user/ HTTP/1.1" 200 13557
"GET /admin/jsi18n/ HTTP/1.1" 200 3343
"GET /admin/auth/user/1/change/ HTTP/1.1" 200 36254
"GET /admin/jsi18n/ HTTP/1.1" 200 3343
"GET /static/admin/js/admin/DateTimeShortcuts.js HTTP/1.1" 304 0
"GET /static/admin/js/calendar.js HTTP/1.1" 304 0
"GET /static/admin/img/icon-calendar.svg HTTP/1.1" 304 0
"GET /static/admin/img/icon-clock.svg HTTP/1.1" 304 0
"POST /admin/auth/user/1/change/ HTTP/1.1" 302 0
"GET /admin/auth/user/ HTTP/1.1" 200 13750
"GET /admin/jsi18n/ HTTP/1.1" 200 3343
"GET /admin/ HTTP/1.1" 200 12493
"GET /static/admin/css/dashboard.css HTTP/1.1" 304 0
"GET /admin/app/department/ HTTP/1.1" 200 13812
"GET /admin/jsi18n/ HTTP/1.1" 200 3343
"GET /admin/app/program/ HTTP/1.1" 200 24913
"GET /admin/jsi18n/ HTTP/1.1" 200 3343
Internal Server Error: /admin/app/student/
Traceback (most recent call last):
  File "/home/rival/Documents/SIH_Project/venv/lib/python3.12/site-packages/django/db/backends/utils.py", line 89, in _execute
    return self.cursor.execute(sql, params)
           ^^^^^^^^^^^^^^^^^^^^^^^^^^^^^^^^
  File "/home/rival/Documents/SIH_Project/venv/lib/python3.12/site-packages/django/db/backends/sqlite3/base.py", line 328, in execute
    return super().execute(query, params)
           ^^^^^^^^^^^^^^^^^^^^^^^^^^^^^^
sqlite3.OperationalError: no such column: app_student.user_id

The above exception was the direct cause of the following exception:

Traceback (most recent call last):
  File "/home/rival/Documents/SIH_Project/venv/lib/python3.12/site-packages/django/core/handlers/exception.py", line 55, in inner
    response = get_response(request)
               ^^^^^^^^^^^^^^^^^^^^^
  File "/home/rival/Documents/SIH_Project/venv/lib/python3.12/site-packages/django/core/handlers/base.py", line 197, in _get_response
    response = wrapped_callback(request, *callback_args, **callback_kwargs)
               ^^^^^^^^^^^^^^^^^^^^^^^^^^^^^^^^^^^^^^^^^^^^^^^^^^^^^^^^^^^^
  File "/home/rival/Documents/SIH_Project/venv/lib/python3.12/site-packages/django/contrib/admin/options.py", line 688, in wrapper
    return self.admin_site.admin_view(view)(*args, **kwargs)
           ^^^^^^^^^^^^^^^^^^^^^^^^^^^^^^^^^^^^^^^^^^^^^^^^^
  File "/home/rival/Documents/SIH_Project/venv/lib/python3.12/site-packages/django/utils/decorators.py", line 134, in _wrapper_view
    response = view_func(request, *args, **kwargs)
               ^^^^^^^^^^^^^^^^^^^^^^^^^^^^^^^^^^^
  File "/home/rival/Documents/SIH_Project/venv/lib/python3.12/site-packages/django/views/decorators/cache.py", line 62, in _wrapper_view_func
    response = view_func(request, *args, **kwargs)
               ^^^^^^^^^^^^^^^^^^^^^^^^^^^^^^^^^^^
  File "/home/rival/Documents/SIH_Project/venv/lib/python3.12/site-packages/django/contrib/admin/sites.py", line 242, in inner
    return view(request, *args, **kwargs)
           ^^^^^^^^^^^^^^^^^^^^^^^^^^^^^^
  File "/home/rival/Documents/SIH_Project/venv/lib/python3.12/site-packages/django/utils/decorators.py", line 46, in _wrapper
    return bound_method(*args, **kwargs)
           ^^^^^^^^^^^^^^^^^^^^^^^^^^^^^
  File "/home/rival/Documents/SIH_Project/venv/lib/python3.12/site-packages/django/utils/decorators.py", line 134, in _wrapper_view
    response = view_func(request, *args, **kwargs)
               ^^^^^^^^^^^^^^^^^^^^^^^^^^^^^^^^^^^
  File "/home/rival/Documents/SIH_Project/venv/lib/python3.12/site-packages/django/contrib/admin/options.py", line 2065, in changelist_view
    "selection_note": _("0 of %(cnt)s selected") % {"cnt": len(cl.result_list)},
                                                           ^^^^^^^^^^^^^^^^^^^
  File "/home/rival/Documents/SIH_Project/venv/lib/python3.12/site-packages/django/db/models/query.py", line 380, in __len__
    self._fetch_all()
  File "/home/rival/Documents/SIH_Project/venv/lib/python3.12/site-packages/django/db/models/query.py", line 1881, in _fetch_all
    self._result_cache = list(self._iterable_class(self))
                         ^^^^^^^^^^^^^^^^^^^^^^^^^^^^^^^^
  File "/home/rival/Documents/SIH_Project/venv/lib/python3.12/site-packages/django/db/models/query.py", line 91, in __iter__
    results = compiler.execute_sql(
              ^^^^^^^^^^^^^^^^^^^^^
  File "/home/rival/Documents/SIH_Project/venv/lib/python3.12/site-packages/django/db/models/sql/compiler.py", line 1562, in execute_sql
    cursor.execute(sql, params)
  File "/home/rival/Documents/SIH_Project/venv/lib/python3.12/site-packages/django/db/backends/utils.py", line 102, in execute
    return super().execute(sql, params)
           ^^^^^^^^^^^^^^^^^^^^^^^^^^^^
  File "/home/rival/Documents/SIH_Project/venv/lib/python3.12/site-packages/django/db/backends/utils.py", line 67, in execute
    return self._execute_with_wrappers(
           ^^^^^^^^^^^^^^^^^^^^^^^^^^^^
  File "/home/rival/Documents/SIH_Project/venv/lib/python3.12/site-packages/django/db/backends/utils.py", line 80, in _execute_with_wrappers
    return executor(sql, params, many, context)
           ^^^^^^^^^^^^^^^^^^^^^^^^^^^^^^^^^^^^
  File "/home/rival/Documents/SIH_Project/venv/lib/python3.12/site-packages/django/db/backends/utils.py", line 84, in _execute
    with self.db.wrap_database_errors:
  File "/home/rival/Documents/SIH_Project/venv/lib/python3.12/site-packages/django/db/utils.py", line 91, in __exit__
    raise dj_exc_value.with_traceback(traceback) from exc_value
  File "/home/rival/Documents/SIH_Project/venv/lib/python3.12/site-packages/django/db/backends/utils.py", line 89, in _execute
    return self.cursor.execute(sql, params)
           ^^^^^^^^^^^^^^^^^^^^^^^^^^^^^^^^
  File "/home/rival/Documents/SIH_Project/venv/lib/python3.12/site-packages/django/db/backends/sqlite3/base.py", line 328, in execute
    return super().execute(query, params)
           ^^^^^^^^^^^^^^^^^^^^^^^^^^^^^^
django.db.utils.OperationalError: no such column: app_student.user_id
"GET /admin/app/student/ HTTP/1.1" 500 185388
"GET /admin/app/program/ HTTP/1.1" 200 24913
Internal Server Error: /admin/app/document/
Traceback (most recent call last):
  File "/home/rival/Documents/SIH_Project/venv/lib/python3.12/site-packages/django/db/backends/utils.py", line 89, in _execute
    return self.cursor.execute(sql, params)
           ^^^^^^^^^^^^^^^^^^^^^^^^^^^^^^^^
  File "/home/rival/Documents/SIH_Project/venv/lib/python3.12/site-packages/django/db/backends/sqlite3/base.py", line 328, in execute
    return super().execute(query, params)
           ^^^^^^^^^^^^^^^^^^^^^^^^^^^^^^
sqlite3.OperationalError: no such table: app_document

The above exception was the direct cause of the following exception:

Traceback (most recent call last):
  File "/home/rival/Documents/SIH_Project/venv/lib/python3.12/site-packages/django/core/handlers/exception.py", line 55, in inner
    response = get_response(request)
               ^^^^^^^^^^^^^^^^^^^^^
  File "/home/rival/Documents/SIH_Project/venv/lib/python3.12/site-packages/django/core/handlers/base.py", line 197, in _get_response
    response = wrapped_callback(request, *callback_args, **callback_kwargs)
               ^^^^^^^^^^^^^^^^^^^^^^^^^^^^^^^^^^^^^^^^^^^^^^^^^^^^^^^^^^^^
  File "/home/rival/Documents/SIH_Project/venv/lib/python3.12/site-packages/django/contrib/admin/options.py", line 688, in wrapper
    return self.admin_site.admin_view(view)(*args, **kwargs)
           ^^^^^^^^^^^^^^^^^^^^^^^^^^^^^^^^^^^^^^^^^^^^^^^^^
  File "/home/rival/Documents/SIH_Project/venv/lib/python3.12/site-packages/django/utils/decorators.py", line 134, in _wrapper_view
    response = view_func(request, *args, **kwargs)
               ^^^^^^^^^^^^^^^^^^^^^^^^^^^^^^^^^^^
  File "/home/rival/Documents/SIH_Project/venv/lib/python3.12/site-packages/django/views/decorators/cache.py", line 62, in _wrapper_view_func
    response = view_func(request, *args, **kwargs)
               ^^^^^^^^^^^^^^^^^^^^^^^^^^^^^^^^^^^
  File "/home/rival/Documents/SIH_Project/venv/lib/python3.12/site-packages/django/contrib/admin/sites.py", line 242, in inner
    return view(request, *args, **kwargs)
           ^^^^^^^^^^^^^^^^^^^^^^^^^^^^^^
  File "/home/rival/Documents/SIH_Project/venv/lib/python3.12/site-packages/django/utils/decorators.py", line 46, in _wrapper
    return bound_method(*args, **kwargs)
           ^^^^^^^^^^^^^^^^^^^^^^^^^^^^^
  File "/home/rival/Documents/SIH_Project/venv/lib/python3.12/site-packages/django/utils/decorators.py", line 134, in _wrapper_view
    response = view_func(request, *args, **kwargs)
               ^^^^^^^^^^^^^^^^^^^^^^^^^^^^^^^^^^^
  File "/home/rival/Documents/SIH_Project/venv/lib/python3.12/site-packages/django/contrib/admin/options.py", line 1926, in changelist_view
    cl = self.get_changelist_instance(request)
         ^^^^^^^^^^^^^^^^^^^^^^^^^^^^^^^^^^^^^
  File "/home/rival/Documents/SIH_Project/venv/lib/python3.12/site-packages/django/contrib/admin/options.py", line 836, in get_changelist_instance
    return ChangeList(
           ^^^^^^^^^^^
  File "/home/rival/Documents/SIH_Project/venv/lib/python3.12/site-packages/django/contrib/admin/views/main.py", line 123, in __init__
    self.get_results(request)
  File "/home/rival/Documents/SIH_Project/venv/lib/python3.12/site-packages/django/contrib/admin/views/main.py", line 279, in get_results
    result_count = paginator.count
                   ^^^^^^^^^^^^^^^
  File "/home/rival/Documents/SIH_Project/venv/lib/python3.12/site-packages/django/utils/functional.py", line 57, in __get__
    res = instance.__dict__[self.name] = self.func(instance)
                                         ^^^^^^^^^^^^^^^^^^^
  File "/home/rival/Documents/SIH_Project/venv/lib/python3.12/site-packages/django/core/paginator.py", line 93, in count
    return c()
           ^^^
  File "/home/rival/Documents/SIH_Project/venv/lib/python3.12/site-packages/django/db/models/query.py", line 608, in count
    return self.query.get_count(using=self.db)
           ^^^^^^^^^^^^^^^^^^^^^^^^^^^^^^^^^^^
  File "/home/rival/Documents/SIH_Project/venv/lib/python3.12/site-packages/django/db/models/sql/query.py", line 568, in get_count
    return obj.get_aggregation(using, {"__count": Count("*")})["__count"]
           ^^^^^^^^^^^^^^^^^^^^^^^^^^^^^^^^^^^^^^^^^^^^^^^^^^^
  File "/home/rival/Documents/SIH_Project/venv/lib/python3.12/site-packages/django/db/models/sql/query.py", line 554, in get_aggregation
    result = compiler.execute_sql(SINGLE)
             ^^^^^^^^^^^^^^^^^^^^^^^^^^^^
  File "/home/rival/Documents/SIH_Project/venv/lib/python3.12/site-packages/django/db/models/sql/compiler.py", line 1562, in execute_sql
    cursor.execute(sql, params)
  File "/home/rival/Documents/SIH_Project/venv/lib/python3.12/site-packages/django/db/backends/utils.py", line 102, in execute
    return super().execute(sql, params)
           ^^^^^^^^^^^^^^^^^^^^^^^^^^^^
  File "/home/rival/Documents/SIH_Project/venv/lib/python3.12/site-packages/django/db/backends/utils.py", line 67, in execute
    return self._execute_with_wrappers(
           ^^^^^^^^^^^^^^^^^^^^^^^^^^^^
  File "/home/rival/Documents/SIH_Project/venv/lib/python3.12/site-packages/django/db/backends/utils.py", line 80, in _execute_with_wrappers
    return executor(sql, params, many, context)
           ^^^^^^^^^^^^^^^^^^^^^^^^^^^^^^^^^^^^
  File "/home/rival/Documents/SIH_Project/venv/lib/python3.12/site-packages/django/db/backends/utils.py", line 84, in _execute
    with self.db.wrap_database_errors:
  File "/home/rival/Documents/SIH_Project/venv/lib/python3.12/site-packages/django/db/utils.py", line 91, in __exit__
    raise dj_exc_value.with_traceback(traceback) from exc_value
  File "/home/rival/Documents/SIH_Project/venv/lib/python3.12/site-packages/django/db/backends/utils.py", line 89, in _execute
    return self.cursor.execute(sql, params)
           ^^^^^^^^^^^^^^^^^^^^^^^^^^^^^^^^
  File "/home/rival/Documents/SIH_Project/venv/lib/python3.12/site-packages/django/db/backends/sqlite3/base.py", line 328, in execute
    return super().execute(query, params)
           ^^^^^^^^^^^^^^^^^^^^^^^^^^^^^^
django.db.utils.OperationalError: no such table: app_document
"GET /admin/app/document/ HTTP/1.1" 500 189387
/home/rival/Documents/SIH_Project/College_ERP/app/admin.py changed, reloading.
Watching for file changes with StatReloader
/home/rival/Documents/SIH_Project/College_ERP/app/admin.py changed, reloading.
Watching for file changes with StatReloader
Watching for file changes with StatReloader
"GET /admin/app/document/ HTTP/1.1" 302 0
"GET /admin/login/?next=/admin/app/document/ HTTP/1.1" 200 4211
"GET /static/admin/css/login.css HTTP/1.1" 304 0
"POST /admin/login/?next=/admin/app/document/ HTTP/1.1" 200 4372
"POST /admin/login/?next=/admin/app/document/ HTTP/1.1" 200 4372
Watching for file changes with StatReloader
"POST /admin/login/?next=/admin/app/document/ HTTP/1.1" 200 4372
"POST /admin/login/?next=/admin/app/document/ HTTP/1.1" 200 4372
"POST /admin/login/?next=/admin/app/document/ HTTP/1.1" 302 0
Not Found: /admin/app/document/
"GET /admin/app/document/ HTTP/1.1" 404 5532
Forbidden (CSRF token from POST incorrect.): /admin/login/
"POST /admin/login/?next=/admin/app/document/ HTTP/1.1" 403 2518
/home/rival/Documents/SIH_Project/College_ERP/app/admin.py changed, reloading.
Watching for file changes with StatReloader
/home/rival/Documents/SIH_Project/College_ERP/app/admin.py changed, reloading.
Watching for file changes with StatReloader
Watching for file changes with StatReloader
Forbidden (CSRF token from POST incorrect.): /admin/login/
"POST /admin/login/?next=/admin/app/document/ HTTP/1.1" 403 2518
Forbidden (CSRF token from POST incorrect.): /admin/login/
"POST /admin/login/?next=/admin/app/document/ HTTP/1.1" 403 2518
"GET / HTTP/1.1" 302 0
"GET /admin/ HTTP/1.1" 200 9391
"GET /static/admin/css/base.css HTTP/1.1" 304 0
"GET /static/admin/css/dark_mode.css HTTP/1.1" 304 0
"GET /static/admin/css/nav_sidebar.css HTTP/1.1" 304 0
"GET /static/admin/css/responsive.css HTTP/1.1" 304 0
"GET /static/admin/js/theme.js HTTP/1.1" 304 0
"GET /static/admin/js/nav_sidebar.js HTTP/1.1" 304 0
"GET /static/admin/img/icon-changelink.svg HTTP/1.1" 304 0
"GET /static/admin/img/icon-addlink.svg HTTP/1.1" 304 0
"GET /admin/app/department/ HTTP/1.1" 200 10944
"GET /static/admin/js/core.js HTTP/1.1" 304 0
"GET /static/admin/js/jquery.init.js HTTP/1.1" 304 0
"GET /static/admin/js/vendor/jquery/jquery.js HTTP/1.1" 304 0
"GET /static/admin/js/admin/RelatedObjectLookups.js HTTP/1.1" 304 0
"GET /static/admin/js/urlify.js HTTP/1.1" 304 0
"GET /static/admin/js/actions.js HTTP/1.1" 304 0
"GET /static/admin/js/prepopulate.js HTTP/1.1" 304 0
"GET /admin/jsi18n/ HTTP/1.1" 200 3343
"GET /static/admin/js/vendor/xregexp/xregexp.js HTTP/1.1" 304 0
"GET /static/admin/img/tooltag-add.svg HTTP/1.1" 304 0
Watching for file changes with StatReloader
"GET /admin/app/department/ HTTP/1.1" 200 13816
"GET /admin/jsi18n/ HTTP/1.1" 200 3343
"GET /admin/app/program/ HTTP/1.1" 200 24525
"GET /admin/jsi18n/ HTTP/1.1" 200 3343
"GET /admin/app/program/ HTTP/1.1" 200 24525
"GET /static/admin/css/changelists.css HTTP/1.1" 304 0
"GET /static/admin/img/search.svg HTTP/1.1" 304 0
"GET /admin/jsi18n/ HTTP/1.1" 200 3343
"GET /static/admin/js/filters.js HTTP/1.1" 304 0
"GET /admin/auth/user/ HTTP/1.1" 200 26093
"GET /admin/jsi18n/ HTTP/1.1" 200 3343
"GET /static/admin/img/icon-no.svg HTTP/1.1" 200 560
"GET /static/admin/img/icon-yes.svg HTTP/1.1" 304 0
"GET /static/admin/img/sorting-icons.svg HTTP/1.1" 304 0
"GET /admin/auth/user/ HTTP/1.1" 200 26093
"GET /admin/jsi18n/ HTTP/1.1" 200 3343
"GET /admin/auth/user/ HTTP/1.1" 200 26093
"GET /admin/jsi18n/ HTTP/1.1" 200 3343
"GET /admin/app/student/ HTTP/1.1" 200 31160
"GET /admin/jsi18n/ HTTP/1.1" 200 3343
"GET /admin/common/auditlog/ HTTP/1.1" 200 15239
"GET /admin/jsi18n/ HTTP/1.1" 200 3343
"GET /admin/common/attachment/ HTTP/1.1" 200 14916
"GET /admin/jsi18n/ HTTP/1.1" 200 3343
"GET /admin/common/auditlog/ HTTP/1.1" 200 15239
"GET /admin/jsi18n/ HTTP/1.1" 200 3343
"GET /admin/common/numbersequence/ HTTP/1.1" 200 10548
"GET /admin/jsi18n/ HTTP/1.1" 200 3343
"GET /admin/common/settings/ HTTP/1.1" 200 10033
"GET /admin/jsi18n/ HTTP/1.1" 200 3343
"GET /admin/common/settings/add/ HTTP/1.1" 200 12836
"GET /static/admin/css/forms.css HTTP/1.1" 304 0
"GET /static/admin/js/prepopulate_init.js HTTP/1.1" 304 0
"GET /admin/jsi18n/ HTTP/1.1" 200 3343
"GET /static/admin/js/change_form.js HTTP/1.1" 304 0
"GET /static/admin/css/widgets.css HTTP/1.1" 304 0
"GET /admin/auth/user/ HTTP/1.1" 200 26093
"GET /admin/jsi18n/ HTTP/1.1" 200 3343
"GET /admin/app/program/ HTTP/1.1" 200 24525
"GET /admin/jsi18n/ HTTP/1.1" 200 3343
"GET /admin/app/program/27/change/ HTTP/1.1" 200 13971
"GET /static/admin/img/icon-viewlink.svg HTTP/1.1" 304 0
"GET /admin/jsi18n/ HTTP/1.1" 200 3343
/home/rival/Documents/SIH_Project/College_ERP/app/models.py changed, reloading.
Watching for file changes with StatReloader
/home/rival/Documents/SIH_Project/College_ERP/app/admin.py changed, reloading.
Watching for file changes with StatReloader
/home/rival/Documents/SIH_Project/College_ERP/app/models.py changed, reloading.
Watching for file changes with StatReloader
"GET /admin/app/program/27/change/ HTTP/1.1" 200 14259
"GET /static/admin/css/base.css HTTP/1.1" 304 0
"GET /static/admin/css/nav_sidebar.css HTTP/1.1" 304 0
"GET /static/admin/css/dark_mode.css HTTP/1.1" 304 0
"GET /static/admin/css/responsive.css HTTP/1.1" 304 0
"GET /static/admin/js/vendor/jquery/jquery.js HTTP/1.1" 304 0
"GET /admin/jsi18n/ HTTP/1.1" 200 3343
"GET /static/admin/js/core.js HTTP/1.1" 304 0
"GET /static/admin/js/admin/RelatedObjectLookups.js HTTP/1.1" 304 0
"GET /static/admin/js/jquery.init.js HTTP/1.1" 304 0
"GET /static/admin/js/urlify.js HTTP/1.1" 304 0
"GET /static/admin/js/actions.js HTTP/1.1" 304 0
"GET /static/admin/js/prepopulate.js HTTP/1.1" 304 0
"GET /static/admin/img/icon-addlink.svg HTTP/1.1" 304 0
"GET /static/admin/img/icon-changelink.svg HTTP/1.1" 304 0
"GET /static/admin/js/vendor/xregexp/xregexp.js HTTP/1.1" 304 0
"GET /static/admin/js/nav_sidebar.js HTTP/1.1" 304 0
"GET /static/admin/js/theme.js HTTP/1.1" 304 0
"GET /admin/app/teacher/ HTTP/1.1" 200 26126
"GET /admin/jsi18n/ HTTP/1.1" 200 3343
/home/rival/Documents/SIH_Project/College_ERP/app/models.py changed, reloading.
Watching for file changes with StatReloader
/home/rival/Documents/SIH_Project/College_ERP/app/admin.py changed, reloading.
Watching for file changes with StatReloader
/home/rival/Documents/SIH_Project/College_ERP/app/models.py changed, reloading.
Watching for file changes with StatReloader
"GET /admin/app/teacher/ HTTP/1.1" 200 26406
"GET /admin/jsi18n/ HTTP/1.1" 200 3343
"GET /admin/app/staff/ HTTP/1.1" 200 20905
"GET /admin/jsi18n/ HTTP/1.1" 200 3343
"GET /admin/ HTTP/1.1" 200 10213
"GET /static/admin/css/dashboard.css HTTP/1.1" 304 0
/home/rival/Documents/SIH_Project/College_ERP/dashboards/models.py changed, reloading.
Watching for file changes with StatReloader
/home/rival/Documents/SIH_Project/College_ERP/dashboards/urls.py changed, reloading.
Watching for file changes with StatReloader
/home/rival/Documents/SIH_Project/College_ERP/dashboards/views.py changed, reloading.
Watching for file changes with StatReloader
"GET /admin/ HTTP/1.1" 200 10213
"GET /admin/app/department/ HTTP/1.1" 200 14384
"GET /static/admin/css/changelists.css HTTP/1.1" 304 0
"GET /admin/jsi18n/ HTTP/1.1" 200 3343
"GET /static/admin/img/search.svg HTTP/1.1" 304 0
"GET /static/admin/js/filters.js HTTP/1.1" 304 0
"GET /admin/ HTTP/1.1" 200 10213
"GET / HTTP/1.1" 302 0
"GET /admin/ HTTP/1.1" 200 10213
"GET /admin/ HTTP/1.1" 200 10213
/home/rival/Documents/SIH_Project/College_ERP/College_ERP/urls.py changed, reloading.
Watching for file changes with StatReloader
Watching for file changes with StatReloader
"GET /admin/ HTTP/1.1" 200 10213
"GET /static/admin/css/base.css HTTP/1.1" 304 0
"GET /static/admin/css/dark_mode.css HTTP/1.1" 304 0
"GET /static/admin/css/dashboard.css HTTP/1.1" 304 0
"GET /static/admin/css/responsive.css HTTP/1.1" 304 0
"GET /static/admin/css/nav_sidebar.css HTTP/1.1" 304 0
"GET /static/admin/js/theme.js HTTP/1.1" 304 0
"GET /static/admin/js/nav_sidebar.js HTTP/1.1" 304 0
"GET /static/admin/img/icon-changelink.svg HTTP/1.1" 304 0
"GET /static/admin/img/icon-addlink.svg HTTP/1.1" 304 0
"GET /admin/ HTTP/1.1" 200 10213
"GET /admin/ HTTP/1.1" 200 10213
"GET /admin/ HTTP/1.1" 200 10213
"GET / HTTP/1.1" 200 19773
"GET /admin/ HTTP/1.1" 200 10213
Not Found: /admin/dashboard/
"GET /admin/dashboard/ HTTP/1.1" 404 6017
"GET /admin/ HTTP/1.1" 200 10213
"POST /admin/logout/ HTTP/1.1" 200 3580
"GET /admin/ HTTP/1.1" 302 0
"GET /admin/login/?next=/admin/ HTTP/1.1" 200 4185
"GET /static/admin/css/login.css HTTP/1.1" 304 0
/home/rival/Documents/SIH_Project/College_ERP/College_ERP/urls.py changed, reloading.
Watching for file changes with StatReloader
"GET / HTTP/1.1" 200 19773
"GET /admin/ HTTP/1.1" 302 0
"GET /admin/login/?next=/admin/ HTTP/1.1" 200 4185
/home/rival/Documents/SIH_Project/College_ERP/dashboards/__init__.py changed, reloading.
Watching for file changes with StatReloader
"POST /admin/login/?next=/admin/ HTTP/1.1" 200 4346
"POST /admin/login/?next=/admin/ HTTP/1.1" 302 0
"GET /admin/ HTTP/1.1" 200 10213
"GET /admin/app/department/ HTTP/1.1" 200 14384
"GET /static/admin/js/vendor/jquery/jquery.js HTTP/1.1" 304 0
"GET /static/admin/js/vendor/xregexp/xregexp.js HTTP/1.1" 304 0
"GET /static/admin/js/admin/RelatedObjectLookups.js HTTP/1.1" 304 0
"GET /static/admin/js/core.js HTTP/1.1" 304 0
"GET /static/admin/js/actions.js HTTP/1.1" 304 0
"GET /static/admin/js/jquery.init.js HTTP/1.1" 304 0
"GET /admin/jsi18n/ HTTP/1.1" 200 3343
"GET /static/admin/js/prepopulate.js HTTP/1.1" 304 0
"GET /static/admin/js/urlify.js HTTP/1.1" 304 0
"GET /static/admin/img/tooltag-add.svg HTTP/1.1" 304 0
"GET /admin/ HTTP/1.1" 200 10213
/home/rival/Documents/SIH_Project/College_ERP/College_ERP/urls.py changed, reloading.
Watching for file changes with StatReloader
/home/rival/Documents/SIH_Project/College_ERP/dashboards/__init__.py changed, reloading.
Watching for file changes with StatReloader
"GET /admin/ HTTP/1.1" 200 10213
"GET / HTTP/1.1" 200 19773
"GET /admin/ HTTP/1.1" 200 10213
Not Found: /admin/dashboard/
"GET /admin/dashboard/ HTTP/1.1" 404 6017
/home/rival/Documents/SIH_Project/College_ERP/College_ERP/urls.py changed, reloading.
Watching for file changes with StatReloader
/home/rival/Documents/SIH_Project/College_ERP/dashboard_views.py changed, reloading.
Watching for file changes with StatReloader
/home/rival/Documents/SIH_Project/College_ERP/College_ERP/urls.py changed, reloading.
Watching for file changes with StatReloader
"GET /admin/dashboard/ HTTP/1.1" 200 7911
"GET /admin/ HTTP/1.1" 200 10213
"GET /admin/ HTTP/1.1" 200 10213
"GET /admin/ HTTP/1.1" 200 10213
/home/rival/Documents/SIH_Project/College_ERP/dashboard_views.py changed, reloading.
Watching for file changes with StatReloader
/home/rival/Documents/SIH_Project/College_ERP/dashboard_views.py changed, reloading.
Watching for file changes with StatReloader
"GET /admin/ HTTP/1.1" 200 10213
"GET /admin/dashboard/ HTTP/1.1" 200 8222
"GET /admin/dashboard/ HTTP/1.1" 200 8222
"GET /admin/ HTTP/1.1" 200 10213
"GET /admin/app/teacher/ HTTP/1.1" 200 26406
"GET /static/admin/css/changelists.css HTTP/1.1" 304 0
"GET /admin/jsi18n/ HTTP/1.1" 200 3343
"GET /static/admin/img/search.svg HTTP/1.1" 304 0
"GET /static/admin/img/icon-yes.svg HTTP/1.1" 304 0
"GET /static/admin/js/filters.js HTTP/1.1" 304 0
"GET /static/admin/img/sorting-icons.svg HTTP/1.1" 304 0
"GET /admin/auth/user/ HTTP/1.1" 200 41583
"GET /admin/jsi18n/ HTTP/1.1" 200 3343
"GET /static/admin/img/icon-no.svg HTTP/1.1" 304 0
"GET /admin/app/student/ HTTP/1.1" 200 31728
"GET /admin/jsi18n/ HTTP/1.1" 200 3343
"GET /admin/app/teacher/ HTTP/1.1" 200 26406
"GET /admin/jsi18n/ HTTP/1.1" 200 3343
"GET /admin/app/staff/ HTTP/1.1" 200 20905
"GET /admin/jsi18n/ HTTP/1.1" 200 3343
/home/rival/Documents/SIH_Project/College_ERP/College_ERP/urls.py changed, reloading.
Watching for file changes with StatReloader
/home/rival/Documents/SIH_Project/College_ERP/College_ERP/settings.py changed, reloading.
Watching for file changes with StatReloader
/home/rival/Documents/SIH_Project/College_ERP/app/urls.py changed, reloading.
Watching for file changes with StatReloader
/home/rival/Documents/SIH_Project/College_ERP/app/urls.py changed, reloading.
Watching for file changes with StatReloader
/home/rival/Documents/SIH_Project/College_ERP/app/views.py changed, reloading.
Watching for file changes with StatReloader
/home/rival/Documents/SIH_Project/College_ERP/app/urls.py changed, reloading.
Watching for file changes with StatReloader
Watching for file changes with StatReloader
"GET / HTTP/1.1" 200 19773
"GET /admin/ HTTP/1.1" 200 10213
"GET /static/admin/css/base.css HTTP/1.1" 304 0
"GET /static/admin/css/responsive.css HTTP/1.1" 304 0
"GET /static/admin/css/dark_mode.css HTTP/1.1" 304 0
"GET /static/admin/css/nav_sidebar.css HTTP/1.1" 304 0
"GET /static/admin/js/theme.js HTTP/1.1" 304 0
"GET /static/admin/css/dashboard.css HTTP/1.1" 304 0
"GET /static/admin/js/nav_sidebar.js HTTP/1.1" 304 0
"GET /static/admin/img/icon-addlink.svg HTTP/1.1" 304 0
"GET /static/admin/img/icon-changelink.svg HTTP/1.1" 304 0
"GET /admin/ HTTP/1.1" 200 10213
"GET /admin/dashboard/ HTTP/1.1" 200 8223
"GET /admin/ HTTP/1.1" 200 10213
"GET /admin/ HTTP/1.1" 200 10213
"GET / HTTP/1.1" 200 19773
"GET / HTTP/1.1" 200 19773
"GET /admin/ HTTP/1.1" 200 10213
"GET /admin/app/department/ HTTP/1.1" 200 15994
"GET /static/admin/css/changelists.css HTTP/1.1" 304 0
"GET /static/admin/js/vendor/jquery/jquery.js HTTP/1.1" 304 0
"GET /static/admin/js/core.js HTTP/1.1" 304 0
"GET /static/admin/js/admin/RelatedObjectLookups.js HTTP/1.1" 304 0
"GET /static/admin/js/urlify.js HTTP/1.1" 304 0
"GET /static/admin/js/actions.js HTTP/1.1" 304 0
"GET /static/admin/js/vendor/xregexp/xregexp.js HTTP/1.1" 304 0
"GET /static/admin/js/jquery.init.js HTTP/1.1" 304 0
"GET /static/admin/js/prepopulate.js HTTP/1.1" 304 0
"GET /admin/jsi18n/ HTTP/1.1" 200 3343
"GET /static/admin/img/search.svg HTTP/1.1" 304 0
"GET /static/admin/js/filters.js HTTP/1.1" 304 0
"GET /static/admin/img/tooltag-add.svg HTTP/1.1" 304 0
"GET /admin/ HTTP/1.1" 200 10213
"GET /admin/ HTTP/1.1" 200 10213
/home/rival/Documents/SIH_Project/College_ERP/dashboard_views.py changed, reloading.
Watching for file changes with StatReloader
/home/rival/Documents/SIH_Project/College_ERP/College_ERP/urls.py changed, reloading.
Watching for file changes with StatReloader
/home/rival/Documents/SIH_Project/College_ERP/College_ERP/urls.py changed, reloading.
Watching for file changes with StatReloader
"GET /admin/ HTTP/1.1" 200 10213
"GET /admin/ HTTP/1.1" 200 10213
"GET /admin/ HTTP/1.1" 200 10213
"GET /dashboard/ HTTP/1.1" 200 16006
"GET /admin/app/student/ HTTP/1.1" 200 32132
"GET /admin/jsi18n/ HTTP/1.1" 200 3343
"GET /static/admin/img/icon-yes.svg HTTP/1.1" 304 0
"GET / HTTP/1.1" 200 19773
"GET /admin/ HTTP/1.1" 200 10213
"GET /erp/dashboard/ HTTP/1.1" 200 4650
"GET /admin/ HTTP/1.1" 200 10213
"GET /admin/dashboard/ HTTP/1.1" 200 16006
"GET / HTTP/1.1" 200 19773
"GET /admin/app/staff/ HTTP/1.1" 200 21338
"GET /admin/jsi18n/ HTTP/1.1" 200 3343
"GET /static/admin/img/sorting-icons.svg HTTP/1.1" 304 0
/home/rival/Documents/SIH_Project/College_ERP/College_ERP/urls.py changed, reloading.
Watching for file changes with StatReloader
/home/rival/Documents/SIH_Project/College_ERP/College_ERP/urls.py changed, reloading.
Watching for file changes with StatReloader
"GET /admin/app/staff/ HTTP/1.1" 200 21338
"GET /admin/jsi18n/ HTTP/1.1" 200 3343
"GET /admin/ HTTP/1.1" 200 10213
"GET /admin/ HTTP/1.1" 200 10213
"GET /admin/ HTTP/1.1" 200 10213
"GET /admin/ HTTP/1.1" 200 10213
"GET /admin/app/department/ HTTP/1.1" 200 15994
"GET /admin/jsi18n/ HTTP/1.1" 200 3343
/home/rival/Documents/SIH_Project/College_ERP/College_ERP/urls.py changed, reloading.
Watching for file changes with StatReloader
/home/rival/Documents/SIH_Project/College_ERP/app/views.py changed, reloading.
Watching for file changes with StatReloader
"GET /admin/ HTTP/1.1" 200 10213
"GET /admin/ HTTP/1.1" 200 10213
Watching for file changes with StatReloader
"GET / HTTP/1.1" 200 19773
"GET /admin/ HTTP/1.1" 200 10213
/home/rival/Documents/SIH_Project/College_ERP/College_ERP/urls.py changed, reloading.
Watching for file changes with StatReloader
/home/rival/Documents/SIH_Project/College_ERP/app/views.py changed, reloading.
Watching for file changes with StatReloader
/home/rival/Documents/SIH_Project/College_ERP/app/views.py changed, reloading.
Watching for file changes with StatReloader
"GET /admin/ HTTP/1.1" 200 10213
"GET /admin/ HTTP/1.1" 200 10213
"GET /admin/ HTTP/1.1" 200 10213
"GET /admin/ HTTP/1.1" 200 10213
"GET / HTTP/1.1" 200 19773
"GET / HTTP/1.1" 200 19773
"GET /admin/ HTTP/1.1" 200 10213
Watching for file changes with StatReloader
"GET / HTTP/1.1" 200 19773
"GET / HTTP/1.1" 200 19773
"GET /admin/ HTTP/1.1" 200 10213
"GET / HTTP/1.1" 200 19773
"GET /dashboard/ HTTP/1.1" 200 16151
"GET / HTTP/1.1" 200 19773
"GET /admin/ HTTP/1.1" 200 10213
"GET / HTTP/1.1" 200 19773
"GET /admin/ HTTP/1.1" 200 10213
"GET /admin HTTP/1.1" 301 0
"GET /admin/ HTTP/1.1" 200 10213
/home/rival/Documents/SIH_Project/College_ERP/app/views.py changed, reloading.
Watching for file changes with StatReloader
/home/rival/Documents/SIH_Project/College_ERP/app/admin.py changed, reloading.
Watching for file changes with StatReloader
/home/rival/Documents/SIH_Project/College_ERP/app/admin.py changed, reloading.
Watching for file changes with StatReloader
Watching for file changes with StatReloader
/home/rival/Documents/SIH_Project/College_ERP/app/admin.py changed, reloading.
Watching for file changes with StatReloader
/home/rival/Documents/SIH_Project/College_ERP/app/admin.py changed, reloading.
Watching for file changes with StatReloader
Watching for file changes with StatReloader
/home/rival/Documents/SIH_Project/College_ERP/app/admin.py changed, reloading.
Watching for file changes with StatReloader
/home/rival/Documents/SIH_Project/College_ERP/app/admin.py changed, reloading.
Watching for file changes with StatReloader
/home/rival/Documents/SIH_Project/College_ERP/app/admin.py changed, reloading.
Watching for file changes with StatReloader
"GET / HTTP/1.1" 200 19773
"GET /admin/ HTTP/1.1" 200 10254
"GET /static/admin/css/base.css HTTP/1.1" 304 0
"GET /static/admin/css/dark_mode.css HTTP/1.1" 304 0
"GET /static/admin/css/nav_sidebar.css HTTP/1.1" 304 0
"GET /static/admin/css/dashboard.css HTTP/1.1" 304 0
"GET /static/admin/css/responsive.css HTTP/1.1" 304 0
"GET /static/admin/js/theme.js HTTP/1.1" 304 0
"GET /static/admin/js/nav_sidebar.js HTTP/1.1" 304 0
"GET /static/admin/img/icon-changelink.svg HTTP/1.1" 304 0
"GET /static/admin/img/icon-addlink.svg HTTP/1.1" 304 0
"GET /admin/ HTTP/1.1" 200 10254
"GET /admin/ HTTP/1.1" 200 10254
"GET /admin/app/department/ HTTP/1.1" 200 14513
"GET /admin/jsi18n/ HTTP/1.1" 200 3343
"GET / HTTP/1.1" 200 19773
"GET /admin/ HTTP/1.1" 200 10254
"GET /admin/app/student/ HTTP/1.1" 200 27376
"GET /admin/jsi18n/ HTTP/1.1" 200 3343
"POST /admin/logout/ HTTP/1.1" 200 3585
"GET /admin/ HTTP/1.1" 302 0
"GET /admin/login/?next=/admin/ HTTP/1.1" 200 4190
"GET /static/admin/css/login.css HTTP/1.1" 304 0
"GET / HTTP/1.1" 200 19773
"GET /admin/ HTTP/1.1" 302 0
"GET /admin/login/?next=/admin/ HTTP/1.1" 200 4190
